<html>
<body>
<pre>
<h1>µVision Build Log</h1>
<h2>Tool Versions:</h2>
IDE-Version: µVision V5.40.0.0
Copyright (C) 2024 ARM Ltd and ARM Germany GmbH. All rights reserved.
License Information: Deng huynpiggy, BOM, LIC=76F5U-SXNLH-HL8CL-06YLK-RM731-WK9PG
 
Tool Versions:
Toolchain:       MDK-ARM Plus  Version: 5.40.0.3
Toolchain Path:  C:\Users\Asus\AppData\Local\Keil_v5\ARM\ARMCLANG\Bin
C Compiler:      ArmClang.exe V6.22
Assembler:       Armasm.exe V6.22
Linker/Locator:  ArmLink.exe V6.22
Library Manager: ArmAr.exe V6.22
Hex Converter:   FromElf.exe V6.22
CPU DLL:         SARMCM3.DLL V5.40.0.3
Dialog DLL:      DARMSTM.DLL V1.69.1.0
Target DLL:      STLink\ST-LINKIII-KEIL_SWO.dll V3.3.0.0
Dialog DLL:      TARMSTM.DLL V1.67.1.0
 
<h2>Project:</h2>
C:\Users\Asus\Downloads\EMB\T7_2024\Bai_tap_lon1\các file tong hop\STM32F1_RFID\KeilC\RFID_Keypad.uvprojx
Project File Date:  09/05/2024

<h2>Output:</h2>
*** Using Compiler 'V6.22', folder: 'C:\Users\Asus\AppData\Local\Keil_v5\ARM\ARMCLANG\Bin'
Build target 'STM32F1_RFID'
Note: source file 'C:/Users/Asus/AppData/Local/Arm/Packs/Keil/STM32F1xx_DFP/2.4.1/Device/StdPeriph_Driver/src/misc.c' - object file renamed from '..\OBJ\misc.o' to '..\OBJ\misc_1.o'.
Note: source file 'C:/Users/Asus/AppData/Local/Arm/Packs/Keil/STM32F1xx_DFP/2.4.1/Device/StdPeriph_Driver/src/stm32f10x_gpio.c' - object file renamed from '..\OBJ\stm32f10x_gpio.o' to '..\OBJ\stm32f10x_gpio_1.o'.
Note: source file 'C:/Users/Asus/AppData/Local/Arm/Packs/Keil/STM32F1xx_DFP/2.4.1/Device/StdPeriph_Driver/src/stm32f10x_rcc.c' - object file renamed from '..\OBJ\stm32f10x_rcc.o' to '..\OBJ\stm32f10x_rcc_1.o'.
Note: source file 'C:/Users/Asus/AppData/Local/Arm/Packs/Keil/STM32F1xx_DFP/2.4.1/Device/StdPeriph_Driver/src/stm32f10x_spi.c' - object file renamed from '..\OBJ\stm32f10x_spi.o' to '..\OBJ\stm32f10x_spi_1.o'.
Note: source file 'C:/Users/Asus/AppData/Local/Arm/Packs/Keil/STM32F1xx_DFP/2.4.1/Device/StdPeriph_Driver/src/stm32f10x_tim.c' - object file renamed from '..\OBJ\stm32f10x_tim.o' to '..\OBJ\stm32f10x_tim_1.o'.
Note: source file 'C:/Users/Asus/AppData/Local/Arm/Packs/Keil/STM32F1xx_DFP/2.4.1/Device/StdPeriph_Driver/src/stm32f10x_usart.c' - object file renamed from '..\OBJ\stm32f10x_usart.o' to '..\OBJ\stm32f10x_usart_1.o'.
Note: source file 'RTE/Device/STM32F103C8/system_stm32f10x.c' - object file renamed from '..\OBJ\system_stm32f10x.o' to '..\OBJ\system_stm32f10x_1.o'.
../Libraries/CMSIS/CM3/CoreSupport/core_cm3.c(445): error: non-ASM statement in naked function is not supported
  445 |   uint32_t result=0;
      |   ^
../Libraries/CMSIS/CM3/CoreSupport/core_cm3.c(442): note: attribute is here
  442 | uint32_t __get_PSP(void) __attribute__( ( naked ) );
      |                                           ^
../Libraries/CMSIS/CM3/CoreSupport/core_cm3.c(465): error: parameter references not allowed in naked functions
  465 |                   "BX  lr     \n\t" : : "r" (topOfProcStack) );
      |                                              ^
../Libraries/CMSIS/CM3/CoreSupport/core_cm3.c(461): note: attribute is here
  461 | void __set_PSP(uint32_t topOfProcStack) __attribute__( ( naked ) );
      |                                                          ^
../Libraries/CMSIS/CM3/CoreSupport/core_cm3.c(479): error: non-ASM statement in naked function is not supported
  479 |   uint32_t result=0;
      |   ^
../Libraries/CMSIS/CM3/CoreSupport/core_cm3.c(476): note: attribute is here
  476 | uint32_t __get_MSP(void) __attribute__( ( naked ) );
      |                                           ^
../Libraries/CMSIS/CM3/CoreSupport/core_cm3.c(499): error: parameter references not allowed in naked functions
  499 |                   "BX  lr     \n\t" : : "r" (topOfMainStack) );
      |                                              ^
../Libraries/CMSIS/CM3/CoreSupport/core_cm3.c(495): note: attribute is here
  495 | void __set_MSP(uint32_t topOfMainStack) __attribute__( ( naked ) );
      |                                                          ^
4 errors generated.
compiling core_cm3.c...
../Libraries/CMSIS/CM3/DeviceSupport/ST/STM32F10x/system_stm32f10x.c(65): warning: In file included from...
../Libraries/CMSIS/CM3/DeviceSupport/ST/STM32F10x\stm32f10x.h(478): warning: In file included from...
../Libraries/CMSIS/CM3/CoreSupport\core_cm3.h(1204): error: unknown type name 'inline'
 1204 | static __INLINE void __enable_irq()               { __ASM volatile ("cpsie i"); }
      |        ^
../Libraries/CMSIS/CM3/CoreSupport\core_cm3.h(751): note: expanded from macro '__INLINE'
  751 |   #define __INLINE         inline                                     /*!< inline keyword for GNU Compiler       */
      |                            ^
../Libraries/CMSIS/CM3/CoreSupport\core_cm3.h(1205): error: unknown type name 'inline'
 1205 | static __INLINE void __disable_irq()              { __ASM volatile ("cpsid i"); }
      |        ^
../Libraries/CMSIS/CM3/CoreSupport\core_cm3.h(751): note: expanded from macro '__INLINE'
  751 |   #define __INLINE         inline                                     /*!< inline keyword for GNU Compiler       */
      |                            ^
../Libraries/CMSIS/CM3/CoreSupport\core_cm3.h(1207): error: unknown type name 'inline'
 1207 | static __INLINE void __enable_fault_irq()         { __ASM volatile ("cpsie f"); }
      |        ^
../Libraries/CMSIS/CM3/CoreSupport\core_cm3.h(751): note: expanded from macro '__INLINE'
  751 |   #define __INLINE         inline                                     /*!< inline keyword for GNU Compiler       */
      |                            ^
../Libraries/CMSIS/CM3/CoreSupport\core_cm3.h(1208): error: unknown type name 'inline'
 1208 | static __INLINE void __disable_fault_irq()        { __ASM volatile ("cpsid f"); }
      |        ^
../Libraries/CMSIS/CM3/CoreSupport\core_cm3.h(751): note: expanded from macro '__INLINE'
  751 |   #define __INLINE         inline                                     /*!< inline keyword for GNU Compiler       */
      |                            ^
../Libraries/CMSIS/CM3/CoreSupport\core_cm3.h(1210): error: unknown type name 'inline'
 1210 | static __INLINE void __NOP()                      { __ASM volatile ("nop"); }
      |        ^
../Libraries/CMSIS/CM3/CoreSupport\core_cm3.h(751): note: expanded from macro '__INLINE'
  751 |   #define __INLINE         inline                                     /*!< inline keyword for GNU Compiler       */
      |                            ^
../Libraries/CMSIS/CM3/CoreSupport\core_cm3.h(1211): error: unknown type name 'inline'
 1211 | static __INLINE void __WFI()                      { __ASM volatile ("wfi"); }
      |        ^
../Libraries/CMSIS/CM3/CoreSupport\core_cm3.h(751): note: expanded from macro '__INLINE'
  751 |   #define __INLINE         inline                                     /*!< inline keyword for GNU Compiler       */
      |                            ^
../Libraries/CMSIS/CM3/CoreSupport\core_cm3.h(1212): error: unknown type name 'inline'
 1212 | static __INLINE void __WFE()                      { __ASM volatile ("wfe"); }
      |        ^
../Libraries/CMSIS/CM3/CoreSupport\core_cm3.h(751): note: expanded from macro '__INLINE'
  751 |   #define __INLINE         inline                                     /*!< inline keyword for GNU Compiler       */
      |                            ^
../Libraries/CMSIS/CM3/CoreSupport\core_cm3.h(1213): error: unknown type name 'inline'
 1213 | static __INLINE void __SEV()                      { __ASM volatile ("sev"); }
      |        ^
../Libraries/CMSIS/CM3/CoreSupport\core_cm3.h(751): note: expanded from macro '__INLINE'
  751 |   #define __INLINE         inline                                     /*!< inline keyword for GNU Compiler       */
      |                            ^
../Libraries/CMSIS/CM3/CoreSupport\core_cm3.h(1214): error: unknown type name 'inline'
 1214 | static __INLINE void __ISB()                      { __ASM volatile ("isb"); }
      |        ^
../Libraries/CMSIS/CM3/CoreSupport\core_cm3.h(751): note: expanded from macro '__INLINE'
  751 |   #define __INLINE         inline                                     /*!< inline keyword for GNU Compiler       */
      |                            ^
../Libraries/CMSIS/CM3/CoreSupport\core_cm3.h(1215): error: unknown type name 'inline'
 1215 | static __INLINE void __DSB()                      { __ASM volatile ("dsb"); }
      |        ^
../Libraries/CMSIS/CM3/CoreSupport\core_cm3.h(751): note: expanded from macro '__INLINE'
  751 |   #define __INLINE         inline                                     /*!< inline keyword for GNU Compiler       */
      |                            ^
../Libraries/CMSIS/CM3/CoreSupport\core_cm3.h(1216): error: unknown type name 'inline'
 1216 | static __INLINE void __DMB()                      { __ASM volatile ("dmb"); }
      |        ^
../Libraries/CMSIS/CM3/CoreSupport\core_cm3.h(751): note: expanded from macro '__INLINE'
  751 |   #define __INLINE         inline                                     /*!< inline keyword for GNU Compiler       */
      |                            ^
../Libraries/CMSIS/CM3/CoreSupport\core_cm3.h(1217): error: unknown type name 'inline'
 1217 | static __INLINE void __CLREX()                    { __ASM volatile ("clrex"); }
      |        ^
../Libraries/CMSIS/CM3/CoreSupport\core_cm3.h(751): note: expanded from macro '__INLINE'
  751 |   #define __INLINE         inline                                     /*!< inline keyword for GNU Compiler       */
      |                            ^
../Libraries/CMSIS/CM3/CoreSupport\core_cm3.h(1468): error: unknown type name 'inline'
 1468 | static __INLINE void NVIC_SetPriorityGrouping(uint32_t PriorityGroup)
      |        ^
../Libraries/CMSIS/CM3/CoreSupport\core_cm3.h(751): note: expanded from macro '__INLINE'
  751 |   #define __INLINE         inline                                     /*!< inline keyword for GNU Compiler       */
      |                            ^
../Libraries/CMSIS/CM3/CoreSupport\core_cm3.h(1489): error: unknown type name 'inline'
 1489 | static __INLINE uint32_t NVIC_GetPriorityGrouping(void)
      |        ^
../Libraries/CMSIS/CM3/CoreSupport\core_cm3.h(751): note: expanded from macro '__INLINE'
  751 |   #define __INLINE         inline                                     /*!< inline keyword for GNU Compiler       */
      |                            ^
../Libraries/CMSIS/CM3/CoreSupport\core_cm3.h(1489): error: expected ';' after top level declarator
 1489 | static __INLINE uint32_t NVIC_GetPriorityGrouping(void)
      |                         ^
      |                         ;
../Libraries/CMSIS/CM3/CoreSupport\core_cm3.h(1502): error: unknown type name 'inline'
 1502 | static __INLINE void NVIC_EnableIRQ(IRQn_Type IRQn)
      |        ^
../Libraries/CMSIS/CM3/CoreSupport\core_cm3.h(751): note: expanded from macro '__INLINE'
  751 |   #define __INLINE         inline                                     /*!< inline keyword for GNU Compiler       */
      |                            ^
../Libraries/CMSIS/CM3/CoreSupport\core_cm3.h(1515): error: unknown type name 'inline'
 1515 | static __INLINE void NVIC_DisableIRQ(IRQn_Type IRQn)
      |        ^
../Libraries/CMSIS/CM3/CoreSupport\core_cm3.h(751): note: expanded from macro '__INLINE'
  751 |   #define __INLINE         inline                                     /*!< inline keyword for GNU Compiler       */
      |                            ^
../Libraries/CMSIS/CM3/CoreSupport\core_cm3.h(1529): error: unknown type name 'inline'
 1529 | static __INLINE uint32_t NVIC_GetPendingIRQ(IRQn_Type IRQn)
      |        ^
../Libraries/CMSIS/CM3/CoreSupport\core_cm3.h(751): note: expanded from macro '__INLINE'
  751 |   #define __INLINE         inline                                     /*!< inline keyword for GNU Compiler       */
      |                            ^
../Libraries/CMSIS/CM3/CoreSupport\core_cm3.h(1529): error: expected ';' after top level declarator
 1529 | static __INLINE uint32_t NVIC_GetPendingIRQ(IRQn_Type IRQn)
      |                         ^
      |                         ;
fatal error: too many errors emitted, stopping now [-ferror-limit=]
20 errors generated.
compiling system_stm32f10x.c...
../Libraries/STM32F10x_StdPeriph_Driver/src/stm32f10x_sdio.c(23): warning: In file included from...
../Libraries/STM32F10x_StdPeriph_Driver/inc\stm32f10x_sdio.h(32): warning: In file included from...
../Libraries/CMSIS/CM3/DeviceSupport/ST/STM32F10x\stm32f10x.h(478): warning: In file included from...
../Libraries/CMSIS/CM3/CoreSupport\core_cm3.h(1204): error: unknown type name 'inline'
 1204 | static __INLINE void __enable_irq()               { __ASM volatile ("cpsie i"); }
      |        ^
../Libraries/CMSIS/CM3/CoreSupport\core_cm3.h(751): note: expanded from macro '__INLINE'
  751 |   #define __INLINE         inline                                     /*!< inline keyword for GNU Compiler       */
      |                            ^
../Libraries/CMSIS/CM3/CoreSupport\core_cm3.h(1205): error: unknown type name 'inline'
 1205 | static __INLINE void __disable_irq()              { __ASM volatile ("cpsid i"); }
      |        ^
../Libraries/CMSIS/CM3/CoreSupport\core_cm3.h(751): note: expanded from macro '__INLINE'
  751 |   #define __INLINE         inline                                     /*!< inline keyword for GNU Compiler       */
      |                            ^
../Libraries/CMSIS/CM3/CoreSupport\core_cm3.h(1207): error: unknown type name 'inline'
 1207 | static __INLINE void __enable_fault_irq()         { __ASM volatile ("cpsie f"); }
      |        ^
../Libraries/CMSIS/CM3/CoreSupport\core_cm3.h(751): note: expanded from macro '__INLINE'
  751 |   #define __INLINE         inline                                     /*!< inline keyword for GNU Compiler       */
      |                            ^
../Libraries/CMSIS/CM3/CoreSupport\core_cm3.h(1208): error: unknown type name 'inline'
 1208 | static __INLINE void __disable_fault_irq()        { __ASM volatile ("cpsid f"); }
      |        ^
../Libraries/CMSIS/CM3/CoreSupport\core_cm3.h(751): note: expanded from macro '__INLINE'
  751 |   #define __INLINE         inline                                     /*!< inline keyword for GNU Compiler       */
      |                            ^
../Libraries/CMSIS/CM3/CoreSupport\core_cm3.h(1210): error: unknown type name 'inline'
 1210 | static __INLINE void __NOP()                      { __ASM volatile ("nop"); }
      |        ^
../Libraries/CMSIS/CM3/CoreSupport\core_cm3.h(751): note: expanded from macro '__INLINE'
  751 |   #define __INLINE         inline                                     /*!< inline keyword for GNU Compiler       */
      |                            ^
../Libraries/CMSIS/CM3/CoreSupport\core_cm3.h(1211): error: unknown type name 'inline'
 1211 | static __INLINE void __WFI()                      { __ASM volatile ("wfi"); }
      |        ^
../Libraries/CMSIS/CM3/CoreSupport\core_cm3.h(751): note: expanded from macro '__INLINE'
  751 |   #define __INLINE         inline                                     /*!< inline keyword for GNU Compiler       */
      |                            ^
../Libraries/CMSIS/CM3/CoreSupport\core_cm3.h(1212): error: unknown type name 'inline'
 1212 | static __INLINE void __WFE()                      { __ASM volatile ("wfe"); }
      |        ^
../Libraries/CMSIS/CM3/CoreSupport\core_cm3.h(751): note: expanded from macro '__INLINE'
  751 |   #define __INLINE         inline                                     /*!< inline keyword for GNU Compiler       */
      |                            ^
../Libraries/CMSIS/CM3/CoreSupport\core_cm3.h(1213): error: unknown type name 'inline'
 1213 | static __INLINE void __SEV()                      { __ASM volatile ("sev"); }
      |        ^
../Libraries/CMSIS/CM3/CoreSupport\core_cm3.h(751): note: expanded from macro '__INLINE'
  751 |   #define __INLINE         inline                                     /*!< inline keyword for GNU Compiler       */
      |                            ^
../Libraries/CMSIS/CM3/CoreSupport\core_cm3.h(1214): error: unknown type name 'inline'
 1214 | static __INLINE void __ISB()                      { __ASM volatile ("isb"); }
      |        ^
../Libraries/CMSIS/CM3/CoreSupport\core_cm3.h(751): note: expanded from macro '__INLINE'
  751 |   #define __INLINE         inline                                     /*!< inline keyword for GNU Compiler       */
      |                            ^
../Libraries/CMSIS/CM3/CoreSupport\core_cm3.h(1215): error: unknown type name 'inline'
 1215 | static __INLINE void __DSB()                      { __ASM volatile ("dsb"); }
      |        ^
../Libraries/CMSIS/CM3/CoreSupport\core_cm3.h(751): note: expanded from macro '__INLINE'
  751 |   #define __INLINE         inline                                     /*!< inline keyword for GNU Compiler       */
      |                            ^
../Libraries/CMSIS/CM3/CoreSupport\core_cm3.h(1216): error: unknown type name 'inline'
 1216 | static __INLINE void __DMB()                      { __ASM volatile ("dmb"); }
      |        ^
../Libraries/CMSIS/CM3/CoreSupport\core_cm3.h(751): note: expanded from macro '__INLINE'
  751 |   #define __INLINE         inline                                     /*!< inline keyword for GNU Compiler       */
      |                            ^
../Libraries/CMSIS/CM3/CoreSupport\core_cm3.h(1217): error: unknown type name 'inline'
 1217 | static __INLINE void __CLREX()                    { __ASM volatile ("clrex"); }
      |        ^
../Libraries/CMSIS/CM3/CoreSupport\core_cm3.h(751): note: expanded from macro '__INLINE'
  751 |   #define __INLINE         inline                                     /*!< inline keyword for GNU Compiler       */
      |                            ^
../Libraries/CMSIS/CM3/CoreSupport\core_cm3.h(1468): error: unknown type name 'inline'
 1468 | static __INLINE void NVIC_SetPriorityGrouping(uint32_t PriorityGroup)
      |        ^
../Libraries/CMSIS/CM3/CoreSupport\core_cm3.h(751): note: expanded from macro '__INLINE'
  751 |   #define __INLINE         inline                                     /*!< inline keyword for GNU Compiler       */
      |                            ^
../Libraries/CMSIS/CM3/CoreSupport\core_cm3.h(1489): error: unknown type name 'inline'
 1489 | static __INLINE uint32_t NVIC_GetPriorityGrouping(void)
      |        ^
../Libraries/CMSIS/CM3/CoreSupport\core_cm3.h(751): note: expanded from macro '__INLINE'
  751 |   #define __INLINE         inline                                     /*!< inline keyword for GNU Compiler       */
      |                            ^
../Libraries/CMSIS/CM3/CoreSupport\core_cm3.h(1489): error: expected ';' after top level declarator
 1489 | static __INLINE uint32_t NVIC_GetPriorityGrouping(void)
      |                         ^
      |                         ;
../Libraries/CMSIS/CM3/CoreSupport\core_cm3.h(1502): error: unknown type name 'inline'
 1502 | static __INLINE void NVIC_EnableIRQ(IRQn_Type IRQn)
      |        ^
../Libraries/CMSIS/CM3/CoreSupport\core_cm3.h(751): note: expanded from macro '__INLINE'
  751 |   #define __INLINE         inline                                     /*!< inline keyword for GNU Compiler       */
      |                            ^
../Libraries/CMSIS/CM3/CoreSupport\core_cm3.h(1515): error: unknown type name 'inline'
 1515 | static __INLINE void NVIC_DisableIRQ(IRQn_Type IRQn)
      |        ^
../Libraries/CMSIS/CM3/CoreSupport\core_cm3.h(751): note: expanded from macro '__INLINE'
  751 |   #define __INLINE         inline                                     /*!< inline keyword for GNU Compiler       */
      |                            ^
../Libraries/CMSIS/CM3/CoreSupport\core_cm3.h(1529): error: unknown type name 'inline'
 1529 | static __INLINE uint32_t NVIC_GetPendingIRQ(IRQn_Type IRQn)
      |        ^
../Libraries/CMSIS/CM3/CoreSupport\core_cm3.h(751): note: expanded from macro '__INLINE'
  751 |   #define __INLINE         inline                                     /*!< inline keyword for GNU Compiler       */
      |                            ^
../Libraries/CMSIS/CM3/CoreSupport\core_cm3.h(1529): error: expected ';' after top level declarator
 1529 | static __INLINE uint32_t NVIC_GetPendingIRQ(IRQn_Type IRQn)
      |                         ^
      |                         ;
fatal error: too many errors emitted, stopping now [-ferror-limit=]
20 errors generated.
compiling stm32f10x_sdio.c...
../Libraries/STM32F10x_StdPeriph_Driver/src/misc.c(24): warning: In file included from...
../Libraries/STM32F10x_StdPeriph_Driver/inc\misc.h(32): warning: In file included from...
../Libraries/CMSIS/CM3/DeviceSupport/ST/STM32F10x\stm32f10x.h(478): warning: In file included from...
../Libraries/CMSIS/CM3/CoreSupport\core_cm3.h(1204): error: unknown type name 'inline'
 1204 | static __INLINE void __enable_irq()               { __ASM volatile ("cpsie i"); }
      |        ^
../Libraries/CMSIS/CM3/CoreSupport\core_cm3.h(751): note: expanded from macro '__INLINE'
  751 |   #define __INLINE         inline                                     /*!< inline keyword for GNU Compiler       */
      |                            ^
../Libraries/CMSIS/CM3/CoreSupport\core_cm3.h(1205): error: unknown type name 'inline'
 1205 | static __INLINE void __disable_irq()              { __ASM volatile ("cpsid i"); }
      |        ^
../Libraries/CMSIS/CM3/CoreSupport\core_cm3.h(751): note: expanded from macro '__INLINE'
  751 |   #define __INLINE         inline                                     /*!< inline keyword for GNU Compiler       */
      |                            ^
../Libraries/CMSIS/CM3/CoreSupport\core_cm3.h(1207): error: unknown type name 'inline'
 1207 | static __INLINE void __enable_fault_irq()         { __ASM volatile ("cpsie f"); }
      |        ^
../Libraries/CMSIS/CM3/CoreSupport\core_cm3.h(751): note: expanded from macro '__INLINE'
  751 |   #define __INLINE         inline                                     /*!< inline keyword for GNU Compiler       */
      |                            ^
../Libraries/CMSIS/CM3/CoreSupport\core_cm3.h(1208): error: unknown type name 'inline'
 1208 | static __INLINE void __disable_fault_irq()        { __ASM volatile ("cpsid f"); }
      |        ^
../Libraries/CMSIS/CM3/CoreSupport\core_cm3.h(751): note: expanded from macro '__INLINE'
  751 |   #define __INLINE         inline                                     /*!< inline keyword for GNU Compiler       */
      |                            ^
../Libraries/CMSIS/CM3/CoreSupport\core_cm3.h(1210): error: unknown type name 'inline'
 1210 | static __INLINE void __NOP()                      { __ASM volatile ("nop"); }
      |        ^
../Libraries/CMSIS/CM3/CoreSupport\core_cm3.h(751): note: expanded from macro '__INLINE'
  751 |   #define __INLINE         inline                                     /*!< inline keyword for GNU Compiler       */
      |                            ^
../Libraries/CMSIS/CM3/CoreSupport\core_cm3.h(1211): error: unknown type name 'inline'
 1211 | static __INLINE void __WFI()                      { __ASM volatile ("wfi"); }
      |        ^
../Libraries/CMSIS/CM3/CoreSupport\core_cm3.h(751): note: expanded from macro '__INLINE'
  751 |   #define __INLINE         inline                                     /*!< inline keyword for GNU Compiler       */
      |                            ^
../Libraries/CMSIS/CM3/CoreSupport\core_cm3.h(1212): error: unknown type name 'inline'
 1212 | static __INLINE void __WFE()                      { __ASM volatile ("wfe"); }
      |        ^
../Libraries/CMSIS/CM3/CoreSupport\core_cm3.h(751): note: expanded from macro '__INLINE'
  751 |   #define __INLINE         inline                                     /*!< inline keyword for GNU Compiler       */
      |                            ^
../Libraries/CMSIS/CM3/CoreSupport\core_cm3.h(1213): error: unknown type name 'inline'
 1213 | static __INLINE void __SEV()                      { __ASM volatile ("sev"); }
      |        ^
../Libraries/CMSIS/CM3/CoreSupport\core_cm3.h(751): note: expanded from macro '__INLINE'
  751 |   #define __INLINE         inline                                     /*!< inline keyword for GNU Compiler       */
      |                            ^
../Libraries/CMSIS/CM3/CoreSupport\core_cm3.h(1214): error: unknown type name 'inline'
 1214 | static __INLINE void __ISB()                      { __ASM volatile ("isb"); }
      |        ^
../Libraries/CMSIS/CM3/CoreSupport\core_cm3.h(751): note: expanded from macro '__INLINE'
  751 |   #define __INLINE         inline                                     /*!< inline keyword for GNU Compiler       */
      |                            ^
../Libraries/CMSIS/CM3/CoreSupport\core_cm3.h(1215): error: unknown type name 'inline'
 1215 | static __INLINE void __DSB()                      { __ASM volatile ("dsb"); }
      |        ^
../Libraries/CMSIS/CM3/CoreSupport\core_cm3.h(751): note: expanded from macro '__INLINE'
  751 |   #define __INLINE         inline                                     /*!< inline keyword for GNU Compiler       */
      |                            ^
../Libraries/CMSIS/CM3/CoreSupport\core_cm3.h(1216): error: unknown type name 'inline'
 1216 | static __INLINE void __DMB()                      { __ASM volatile ("dmb"); }
      |        ^
../Libraries/CMSIS/CM3/CoreSupport\core_cm3.h(751): note: expanded from macro '__INLINE'
  751 |   #define __INLINE         inline                                     /*!< inline keyword for GNU Compiler       */
      |                            ^
../Libraries/CMSIS/CM3/CoreSupport\core_cm3.h(1217): error: unknown type name 'inline'
 1217 | static __INLINE void __CLREX()                    { __ASM volatile ("clrex"); }
      |        ^
../Libraries/CMSIS/CM3/CoreSupport\core_cm3.h(751): note: expanded from macro '__INLINE'
  751 |   #define __INLINE         inline                                     /*!< inline keyword for GNU Compiler       */
      |                            ^
../Libraries/CMSIS/CM3/CoreSupport\core_cm3.h(1468): error: unknown type name 'inline'
 1468 | static __INLINE void NVIC_SetPriorityGrouping(uint32_t PriorityGroup)
      |        ^
../Libraries/CMSIS/CM3/CoreSupport\core_cm3.h(751): note: expanded from macro '__INLINE'
  751 |   #define __INLINE         inline                                     /*!< inline keyword for GNU Compiler       */
      |                            ^
../Libraries/CMSIS/CM3/CoreSupport\core_cm3.h(1489): error: unknown type name 'inline'
 1489 | static __INLINE uint32_t NVIC_GetPriorityGrouping(void)
      |        ^
../Libraries/CMSIS/CM3/CoreSupport\core_cm3.h(751): note: expanded from macro '__INLINE'
  751 |   #define __INLINE         inline                                     /*!< inline keyword for GNU Compiler       */
      |                            ^
../Libraries/CMSIS/CM3/CoreSupport\core_cm3.h(1489): error: expected ';' after top level declarator
 1489 | static __INLINE uint32_t NVIC_GetPriorityGrouping(void)
      |                         ^
      |                         ;
../Libraries/CMSIS/CM3/CoreSupport\core_cm3.h(1502): error: unknown type name 'inline'
 1502 | static __INLINE void NVIC_EnableIRQ(IRQn_Type IRQn)
      |        ^
../Libraries/CMSIS/CM3/CoreSupport\core_cm3.h(751): note: expanded from macro '__INLINE'
  751 |   #define __INLINE         inline                                     /*!< inline keyword for GNU Compiler       */
      |                            ^
../Libraries/CMSIS/CM3/CoreSupport\core_cm3.h(1515): error: unknown type name 'inline'
 1515 | static __INLINE void NVIC_DisableIRQ(IRQn_Type IRQn)
      |        ^
../Libraries/CMSIS/CM3/CoreSupport\core_cm3.h(751): note: expanded from macro '__INLINE'
  751 |   #define __INLINE         inline                                     /*!< inline keyword for GNU Compiler       */
      |                            ^
../Libraries/CMSIS/CM3/CoreSupport\core_cm3.h(1529): error: unknown type name 'inline'
 1529 | static __INLINE uint32_t NVIC_GetPendingIRQ(IRQn_Type IRQn)
      |        ^
../Libraries/CMSIS/CM3/CoreSupport\core_cm3.h(751): note: expanded from macro '__INLINE'
  751 |   #define __INLINE         inline                                     /*!< inline keyword for GNU Compiler       */
      |                            ^
../Libraries/CMSIS/CM3/CoreSupport\core_cm3.h(1529): error: expected ';' after top level declarator
 1529 | static __INLINE uint32_t NVIC_GetPendingIRQ(IRQn_Type IRQn)
      |                         ^
      |                         ;
fatal error: too many errors emitted, stopping now [-ferror-limit=]
20 errors generated.
compiling misc.c...
../Libraries/STM32F10x_StdPeriph_Driver/src/stm32f10x_rcc.c(23): warning: In file included from...
../Libraries/STM32F10x_StdPeriph_Driver/inc\stm32f10x_rcc.h(32): warning: In file included from...
../Libraries/CMSIS/CM3/DeviceSupport/ST/STM32F10x\stm32f10x.h(478): warning: In file included from...
../Libraries/CMSIS/CM3/CoreSupport\core_cm3.h(1204): error: unknown type name 'inline'
 1204 | static __INLINE void __enable_irq()               { __ASM volatile ("cpsie i"); }
      |        ^
../Libraries/CMSIS/CM3/CoreSupport\core_cm3.h(751): note: expanded from macro '__INLINE'
  751 |   #define __INLINE         inline                                     /*!< inline keyword for GNU Compiler       */
      |                            ^
../Libraries/CMSIS/CM3/CoreSupport\core_cm3.h(1205): error: unknown type name 'inline'
 1205 | static __INLINE void __disable_irq()              { __ASM volatile ("cpsid i"); }
      |        ^
../Libraries/CMSIS/CM3/CoreSupport\core_cm3.h(751): note: expanded from macro '__INLINE'
  751 |   #define __INLINE         inline                                     /*!< inline keyword for GNU Compiler       */
      |                            ^
../Libraries/CMSIS/CM3/CoreSupport\core_cm3.h(1207): error: unknown type name 'inline'
 1207 | static __INLINE void __enable_fault_irq()         { __ASM volatile ("cpsie f"); }
      |        ^
../Libraries/CMSIS/CM3/CoreSupport\core_cm3.h(751): note: expanded from macro '__INLINE'
  751 |   #define __INLINE         inline                                     /*!< inline keyword for GNU Compiler       */
      |                            ^
../Libraries/CMSIS/CM3/CoreSupport\core_cm3.h(1208): error: unknown type name 'inline'
 1208 | static __INLINE void __disable_fault_irq()        { __ASM volatile ("cpsid f"); }
      |        ^
../Libraries/CMSIS/CM3/CoreSupport\core_cm3.h(751): note: expanded from macro '__INLINE'
  751 |   #define __INLINE         inline                                     /*!< inline keyword for GNU Compiler       */
      |                            ^
../Libraries/CMSIS/CM3/CoreSupport\core_cm3.h(1210): error: unknown type name 'inline'
 1210 | static __INLINE void __NOP()                      { __ASM volatile ("nop"); }
      |        ^
../Libraries/CMSIS/CM3/CoreSupport\core_cm3.h(751): note: expanded from macro '__INLINE'
  751 |   #define __INLINE         inline                                     /*!< inline keyword for GNU Compiler       */
      |                            ^
../Libraries/CMSIS/CM3/CoreSupport\core_cm3.h(1211): error: unknown type name 'inline'
 1211 | static __INLINE void __WFI()                      { __ASM volatile ("wfi"); }
      |        ^
../Libraries/CMSIS/CM3/CoreSupport\core_cm3.h(751): note: expanded from macro '__INLINE'
  751 |   #define __INLINE         inline                                     /*!< inline keyword for GNU Compiler       */
      |                            ^
../Libraries/CMSIS/CM3/CoreSupport\core_cm3.h(1212): error: unknown type name 'inline'
 1212 | static __INLINE void __WFE()                      { __ASM volatile ("wfe"); }
      |        ^
../Libraries/CMSIS/CM3/CoreSupport\core_cm3.h(751): note: expanded from macro '__INLINE'
  751 |   #define __INLINE         inline                                     /*!< inline keyword for GNU Compiler       */
      |                            ^
../Libraries/CMSIS/CM3/CoreSupport\core_cm3.h(1213): error: unknown type name 'inline'
 1213 | static __INLINE void __SEV()                      { __ASM volatile ("sev"); }
      |        ^
../Libraries/CMSIS/CM3/CoreSupport\core_cm3.h(751): note: expanded from macro '__INLINE'
  751 |   #define __INLINE         inline                                     /*!< inline keyword for GNU Compiler       */
      |                            ^
../Libraries/CMSIS/CM3/CoreSupport\core_cm3.h(1214): error: unknown type name 'inline'
 1214 | static __INLINE void __ISB()                      { __ASM volatile ("isb"); }
      |        ^
../Libraries/CMSIS/CM3/CoreSupport\core_cm3.h(751): note: expanded from macro '__INLINE'
  751 |   #define __INLINE         inline                                     /*!< inline keyword for GNU Compiler       */
      |                            ^
../Libraries/CMSIS/CM3/CoreSupport\core_cm3.h(1215): error: unknown type name 'inline'
 1215 | static __INLINE void __DSB()                      { __ASM volatile ("dsb"); }
      |        ^
../Libraries/CMSIS/CM3/CoreSupport\core_cm3.h(751): note: expanded from macro '__INLINE'
  751 |   #define __INLINE         inline                                     /*!< inline keyword for GNU Compiler       */
      |                            ^
../Libraries/CMSIS/CM3/CoreSupport\core_cm3.h(1216): error: unknown type name 'inline'
 1216 | static __INLINE void __DMB()                      { __ASM volatile ("dmb"); }
      |        ^
../Libraries/CMSIS/CM3/CoreSupport\core_cm3.h(751): note: expanded from macro '__INLINE'
  751 |   #define __INLINE         inline                                     /*!< inline keyword for GNU Compiler       */
      |                            ^
../Libraries/CMSIS/CM3/CoreSupport\core_cm3.h(1217): error: unknown type name 'inline'
 1217 | static __INLINE void __CLREX()                    { __ASM volatile ("clrex"); }
      |        ^
../Libraries/CMSIS/CM3/CoreSupport\core_cm3.h(751): note: expanded from macro '__INLINE'
  751 |   #define __INLINE         inline                                     /*!< inline keyword for GNU Compiler       */
      |                            ^
../Libraries/CMSIS/CM3/CoreSupport\core_cm3.h(1468): error: unknown type name 'inline'
 1468 | static __INLINE void NVIC_SetPriorityGrouping(uint32_t PriorityGroup)
      |        ^
../Libraries/CMSIS/CM3/CoreSupport\core_cm3.h(751): note: expanded from macro '__INLINE'
  751 |   #define __INLINE         inline                                     /*!< inline keyword for GNU Compiler       */
      |                            ^
../Libraries/CMSIS/CM3/CoreSupport\core_cm3.h(1489): error: unknown type name 'inline'
 1489 | static __INLINE uint32_t NVIC_GetPriorityGrouping(void)
      |        ^
../Libraries/CMSIS/CM3/CoreSupport\core_cm3.h(751): note: expanded from macro '__INLINE'
  751 |   #define __INLINE         inline                                     /*!< inline keyword for GNU Compiler       */
      |                            ^
../Libraries/CMSIS/CM3/CoreSupport\core_cm3.h(1489): error: expected ';' after top level declarator
 1489 | static __INLINE uint32_t NVIC_GetPriorityGrouping(void)
      |                         ^
      |                         ;
../Libraries/CMSIS/CM3/CoreSupport\core_cm3.h(1502): error: unknown type name 'inline'
 1502 | static __INLINE void NVIC_EnableIRQ(IRQn_Type IRQn)
      |        ^
../Libraries/CMSIS/CM3/CoreSupport\core_cm3.h(751): note: expanded from macro '__INLINE'
  751 |   #define __INLINE         inline                                     /*!< inline keyword for GNU Compiler       */
      |                            ^
../Libraries/CMSIS/CM3/CoreSupport\core_cm3.h(1515): error: unknown type name 'inline'
 1515 | static __INLINE void NVIC_DisableIRQ(IRQn_Type IRQn)
      |        ^
../Libraries/CMSIS/CM3/CoreSupport\core_cm3.h(751): note: expanded from macro '__INLINE'
  751 |   #define __INLINE         inline                                     /*!< inline keyword for GNU Compiler       */
      |                            ^
../Libraries/CMSIS/CM3/CoreSupport\core_cm3.h(1529): error: unknown type name 'inline'
 1529 | static __INLINE uint32_t NVIC_GetPendingIRQ(IRQn_Type IRQn)
      |        ^
../Libraries/CMSIS/CM3/CoreSupport\core_cm3.h(751): note: expanded from macro '__INLINE'
  751 |   #define __INLINE         inline                                     /*!< inline keyword for GNU Compiler       */
      |                            ^
../Libraries/CMSIS/CM3/CoreSupport\core_cm3.h(1529): error: expected ';' after top level declarator
 1529 | static __INLINE uint32_t NVIC_GetPendingIRQ(IRQn_Type IRQn)
      |                         ^
      |                         ;
fatal error: too many errors emitted, stopping now [-ferror-limit=]
20 errors generated.
compiling stm32f10x_rcc.c...
../Libraries/STM32F10x_StdPeriph_Driver/src/stm32f10x_spi.c(23): warning: In file included from...
../Libraries/STM32F10x_StdPeriph_Driver/inc\stm32f10x_spi.h(32): warning: In file included from...
../Libraries/CMSIS/CM3/DeviceSupport/ST/STM32F10x\stm32f10x.h(478): warning: In file included from...
../Libraries/CMSIS/CM3/CoreSupport\core_cm3.h(1204): error: unknown type name 'inline'
 1204 | static __INLINE void __enable_irq()               { __ASM volatile ("cpsie i"); }
      |        ^
../Libraries/CMSIS/CM3/CoreSupport\core_cm3.h(751): note: expanded from macro '__INLINE'
  751 |   #define __INLINE         inline                                     /*!< inline keyword for GNU Compiler       */
      |                            ^
../Libraries/CMSIS/CM3/CoreSupport\core_cm3.h(1205): error: unknown type name 'inline'
 1205 | static __INLINE void __disable_irq()              { __ASM volatile ("cpsid i"); }
      |        ^
../Libraries/CMSIS/CM3/CoreSupport\core_cm3.h(751): note: expanded from macro '__INLINE'
  751 |   #define __INLINE         inline                                     /*!< inline keyword for GNU Compiler       */
      |                            ^
../Libraries/CMSIS/CM3/CoreSupport\core_cm3.h(1207): error: unknown type name 'inline'
 1207 | static __INLINE void __enable_fault_irq()         { __ASM volatile ("cpsie f"); }
      |        ^
../Libraries/CMSIS/CM3/CoreSupport\core_cm3.h(751): note: expanded from macro '__INLINE'
  751 |   #define __INLINE         inline                                     /*!< inline keyword for GNU Compiler       */
      |                            ^
../Libraries/CMSIS/CM3/CoreSupport\core_cm3.h(1208): error: unknown type name 'inline'
 1208 | static __INLINE void __disable_fault_irq()        { __ASM volatile ("cpsid f"); }
      |        ^
../Libraries/CMSIS/CM3/CoreSupport\core_cm3.h(751): note: expanded from macro '__INLINE'
  751 |   #define __INLINE         inline                                     /*!< inline keyword for GNU Compiler       */
      |                            ^
../Libraries/CMSIS/CM3/CoreSupport\core_cm3.h(1210): error: unknown type name 'inline'
 1210 | static __INLINE void __NOP()                      { __ASM volatile ("nop"); }
      |        ^
../Libraries/CMSIS/CM3/CoreSupport\core_cm3.h(751): note: expanded from macro '__INLINE'
  751 |   #define __INLINE         inline                                     /*!< inline keyword for GNU Compiler       */
      |                            ^
../Libraries/CMSIS/CM3/CoreSupport\core_cm3.h(1211): error: unknown type name 'inline'
 1211 | static __INLINE void __WFI()                      { __ASM volatile ("wfi"); }
      |        ^
../Libraries/CMSIS/CM3/CoreSupport\core_cm3.h(751): note: expanded from macro '__INLINE'
  751 |   #define __INLINE         inline                                     /*!< inline keyword for GNU Compiler       */
      |                            ^
../Libraries/CMSIS/CM3/CoreSupport\core_cm3.h(1212): error: unknown type name 'inline'
 1212 | static __INLINE void __WFE()                      { __ASM volatile ("wfe"); }
      |        ^
../Libraries/CMSIS/CM3/CoreSupport\core_cm3.h(751): note: expanded from macro '__INLINE'
  751 |   #define __INLINE         inline                                     /*!< inline keyword for GNU Compiler       */
      |                            ^
../Libraries/CMSIS/CM3/CoreSupport\core_cm3.h(1213): error: unknown type name 'inline'
 1213 | static __INLINE void __SEV()                      { __ASM volatile ("sev"); }
      |        ^
../Libraries/CMSIS/CM3/CoreSupport\core_cm3.h(751): note: expanded from macro '__INLINE'
  751 |   #define __INLINE         inline                                     /*!< inline keyword for GNU Compiler       */
      |                            ^
../Libraries/CMSIS/CM3/CoreSupport\core_cm3.h(1214): error: unknown type name 'inline'
 1214 | static __INLINE void __ISB()                      { __ASM volatile ("isb"); }
      |        ^
../Libraries/CMSIS/CM3/CoreSupport\core_cm3.h(751): note: expanded from macro '__INLINE'
  751 |   #define __INLINE         inline                                     /*!< inline keyword for GNU Compiler       */
      |                            ^
../Libraries/CMSIS/CM3/CoreSupport\core_cm3.h(1215): error: unknown type name 'inline'
 1215 | static __INLINE void __DSB()                      { __ASM volatile ("dsb"); }
      |        ^
../Libraries/CMSIS/CM3/CoreSupport\core_cm3.h(751): note: expanded from macro '__INLINE'
  751 |   #define __INLINE         inline                                     /*!< inline keyword for GNU Compiler       */
      |                            ^
../Libraries/CMSIS/CM3/CoreSupport\core_cm3.h(1216): error: unknown type name 'inline'
 1216 | static __INLINE void __DMB()                      { __ASM volatile ("dmb"); }
      |        ^
../Libraries/CMSIS/CM3/CoreSupport\core_cm3.h(751): note: expanded from macro '__INLINE'
  751 |   #define __INLINE         inline                                     /*!< inline keyword for GNU Compiler       */
      |                            ^
../Libraries/CMSIS/CM3/CoreSupport\core_cm3.h(1217): error: unknown type name 'inline'
 1217 | static __INLINE void __CLREX()                    { __ASM volatile ("clrex"); }
      |        ^
../Libraries/CMSIS/CM3/CoreSupport\core_cm3.h(751): note: expanded from macro '__INLINE'
  751 |   #define __INLINE         inline                                     /*!< inline keyword for GNU Compiler       */
      |                            ^
../Libraries/CMSIS/CM3/CoreSupport\core_cm3.h(1468): error: unknown type name 'inline'
 1468 | static __INLINE void NVIC_SetPriorityGrouping(uint32_t PriorityGroup)
      |        ^
../Libraries/CMSIS/CM3/CoreSupport\core_cm3.h(751): note: expanded from macro '__INLINE'
  751 |   #define __INLINE         inline                                     /*!< inline keyword for GNU Compiler       */
      |                            ^
../Libraries/CMSIS/CM3/CoreSupport\core_cm3.h(1489): error: unknown type name 'inline'
 1489 | static __INLINE uint32_t NVIC_GetPriorityGrouping(void)
      |        ^
../Libraries/CMSIS/CM3/CoreSupport\core_cm3.h(751): note: expanded from macro '__INLINE'
  751 |   #define __INLINE         inline                                     /*!< inline keyword for GNU Compiler       */
      |                            ^
../Libraries/CMSIS/CM3/CoreSupport\core_cm3.h(1489): error: expected ';' after top level declarator
 1489 | static __INLINE uint32_t NVIC_GetPriorityGrouping(void)
      |                         ^
      |                         ;
../Libraries/CMSIS/CM3/CoreSupport\core_cm3.h(1502): error: unknown type name 'inline'
 1502 | static __INLINE void NVIC_EnableIRQ(IRQn_Type IRQn)
      |        ^
../Libraries/CMSIS/CM3/CoreSupport\core_cm3.h(751): note: expanded from macro '__INLINE'
  751 |   #define __INLINE         inline                                     /*!< inline keyword for GNU Compiler       */
      |                            ^
../Libraries/CMSIS/CM3/CoreSupport\core_cm3.h(1515): error: unknown type name 'inline'
 1515 | static __INLINE void NVIC_DisableIRQ(IRQn_Type IRQn)
      |        ^
../Libraries/CMSIS/CM3/CoreSupport\core_cm3.h(751): note: expanded from macro '__INLINE'
  751 |   #define __INLINE         inline                                     /*!< inline keyword for GNU Compiler       */
      |                            ^
../Libraries/CMSIS/CM3/CoreSupport\core_cm3.h(1529): error: unknown type name 'inline'
 1529 | static __INLINE uint32_t NVIC_GetPendingIRQ(IRQn_Type IRQn)
      |        ^
../Libraries/CMSIS/CM3/CoreSupport\core_cm3.h(751): note: expanded from macro '__INLINE'
  751 |   #define __INLINE         inline                                     /*!< inline keyword for GNU Compiler       */
      |                            ^
../Libraries/CMSIS/CM3/CoreSupport\core_cm3.h(1529): error: expected ';' after top level declarator
 1529 | static __INLINE uint32_t NVIC_GetPendingIRQ(IRQn_Type IRQn)
      |                         ^
      |                         ;
fatal error: too many errors emitted, stopping now [-ferror-limit=]
20 errors generated.
compiling stm32f10x_spi.c...
C:/Users/Asus/AppData/Local/Arm/Packs/Keil/STM32F1xx_DFP/2.4.1/Device/StdPeriph_Driver/src/misc.c(23): warning: In file included from...
../Libraries/STM32F10x_StdPeriph_Driver/inc\misc.h(32): warning: In file included from...
../Libraries/CMSIS/CM3/DeviceSupport/ST/STM32F10x\stm32f10x.h(478): warning: In file included from...
../Libraries/CMSIS/CM3/CoreSupport\core_cm3.h(1204): error: unknown type name 'inline'
 1204 | static __INLINE void __enable_irq()               { __ASM volatile ("cpsie i"); }
      |        ^
../Libraries/CMSIS/CM3/CoreSupport\core_cm3.h(751): note: expanded from macro '__INLINE'
  751 |   #define __INLINE         inline                                     /*!< inline keyword for GNU Compiler       */
      |                            ^
../Libraries/CMSIS/CM3/CoreSupport\core_cm3.h(1205): error: unknown type name 'inline'
 1205 | static __INLINE void __disable_irq()              { __ASM volatile ("cpsid i"); }
      |        ^
../Libraries/CMSIS/CM3/CoreSupport\core_cm3.h(751): note: expanded from macro '__INLINE'
  751 |   #define __INLINE         inline                                     /*!< inline keyword for GNU Compiler       */
      |                            ^
../Libraries/CMSIS/CM3/CoreSupport\core_cm3.h(1207): error: unknown type name 'inline'
 1207 | static __INLINE void __enable_fault_irq()         { __ASM volatile ("cpsie f"); }
      |        ^
../Libraries/CMSIS/CM3/CoreSupport\core_cm3.h(751): note: expanded from macro '__INLINE'
  751 |   #define __INLINE         inline                                     /*!< inline keyword for GNU Compiler       */
      |                            ^
../Libraries/CMSIS/CM3/CoreSupport\core_cm3.h(1208): error: unknown type name 'inline'
 1208 | static __INLINE void __disable_fault_irq()        { __ASM volatile ("cpsid f"); }
      |        ^
../Libraries/CMSIS/CM3/CoreSupport\core_cm3.h(751): note: expanded from macro '__INLINE'
  751 |   #define __INLINE         inline                                     /*!< inline keyword for GNU Compiler       */
      |                            ^
../Libraries/CMSIS/CM3/CoreSupport\core_cm3.h(1210): error: unknown type name 'inline'
 1210 | static __INLINE void __NOP()                      { __ASM volatile ("nop"); }
      |        ^
../Libraries/CMSIS/CM3/CoreSupport\core_cm3.h(751): note: expanded from macro '__INLINE'
  751 |   #define __INLINE         inline                                     /*!< inline keyword for GNU Compiler       */
      |                            ^
../Libraries/CMSIS/CM3/CoreSupport\core_cm3.h(1211): error: unknown type name 'inline'
 1211 | static __INLINE void __WFI()                      { __ASM volatile ("wfi"); }
      |        ^
../Libraries/CMSIS/CM3/CoreSupport\core_cm3.h(751): note: expanded from macro '__INLINE'
  751 |   #define __INLINE         inline                                     /*!< inline keyword for GNU Compiler       */
      |                            ^
../Libraries/CMSIS/CM3/CoreSupport\core_cm3.h(1212): error: unknown type name 'inline'
 1212 | static __INLINE void __WFE()                      { __ASM volatile ("wfe"); }
      |        ^
../Libraries/CMSIS/CM3/CoreSupport\core_cm3.h(751): note: expanded from macro '__INLINE'
  751 |   #define __INLINE         inline                                     /*!< inline keyword for GNU Compiler       */
      |                            ^
../Libraries/CMSIS/CM3/CoreSupport\core_cm3.h(1213): error: unknown type name 'inline'
 1213 | static __INLINE void __SEV()                      { __ASM volatile ("sev"); }
      |        ^
../Libraries/CMSIS/CM3/CoreSupport\core_cm3.h(751): note: expanded from macro '__INLINE'
  751 |   #define __INLINE         inline                                     /*!< inline keyword for GNU Compiler       */
      |                            ^
../Libraries/CMSIS/CM3/CoreSupport\core_cm3.h(1214): error: unknown type name 'inline'
 1214 | static __INLINE void __ISB()                      { __ASM volatile ("isb"); }
      |        ^
../Libraries/CMSIS/CM3/CoreSupport\core_cm3.h(751): note: expanded from macro '__INLINE'
  751 |   #define __INLINE         inline                                     /*!< inline keyword for GNU Compiler       */
      |                            ^
../Libraries/CMSIS/CM3/CoreSupport\core_cm3.h(1215): error: unknown type name 'inline'
 1215 | static __INLINE void __DSB()                      { __ASM volatile ("dsb"); }
      |        ^
../Libraries/CMSIS/CM3/CoreSupport\core_cm3.h(751): note: expanded from macro '__INLINE'
  751 |   #define __INLINE         inline                                     /*!< inline keyword for GNU Compiler       */
      |                            ^
../Libraries/CMSIS/CM3/CoreSupport\core_cm3.h(1216): error: unknown type name 'inline'
 1216 | static __INLINE void __DMB()                      { __ASM volatile ("dmb"); }
      |        ^
../Libraries/CMSIS/CM3/CoreSupport\core_cm3.h(751): note: expanded from macro '__INLINE'
  751 |   #define __INLINE         inline                                     /*!< inline keyword for GNU Compiler       */
      |                            ^
../Libraries/CMSIS/CM3/CoreSupport\core_cm3.h(1217): error: unknown type name 'inline'
 1217 | static __INLINE void __CLREX()                    { __ASM volatile ("clrex"); }
      |        ^
../Libraries/CMSIS/CM3/CoreSupport\core_cm3.h(751): note: expanded from macro '__INLINE'
  751 |   #define __INLINE         inline                                     /*!< inline keyword for GNU Compiler       */
      |                            ^
../Libraries/CMSIS/CM3/CoreSupport\core_cm3.h(1468): error: unknown type name 'inline'
 1468 | static __INLINE void NVIC_SetPriorityGrouping(uint32_t PriorityGroup)
      |        ^
../Libraries/CMSIS/CM3/CoreSupport\core_cm3.h(751): note: expanded from macro '__INLINE'
  751 |   #define __INLINE         inline                                     /*!< inline keyword for GNU Compiler       */
      |                            ^
../Libraries/CMSIS/CM3/CoreSupport\core_cm3.h(1489): error: unknown type name 'inline'
 1489 | static __INLINE uint32_t NVIC_GetPriorityGrouping(void)
      |        ^
../Libraries/CMSIS/CM3/CoreSupport\core_cm3.h(751): note: expanded from macro '__INLINE'
  751 |   #define __INLINE         inline                                     /*!< inline keyword for GNU Compiler       */
      |                            ^
../Libraries/CMSIS/CM3/CoreSupport\core_cm3.h(1489): error: expected ';' after top level declarator
 1489 | static __INLINE uint32_t NVIC_GetPriorityGrouping(void)
      |                         ^
      |                         ;
../Libraries/CMSIS/CM3/CoreSupport\core_cm3.h(1502): error: unknown type name 'inline'
 1502 | static __INLINE void NVIC_EnableIRQ(IRQn_Type IRQn)
      |        ^
../Libraries/CMSIS/CM3/CoreSupport\core_cm3.h(751): note: expanded from macro '__INLINE'
  751 |   #define __INLINE         inline                                     /*!< inline keyword for GNU Compiler       */
      |                            ^
../Libraries/CMSIS/CM3/CoreSupport\core_cm3.h(1515): error: unknown type name 'inline'
 1515 | static __INLINE void NVIC_DisableIRQ(IRQn_Type IRQn)
      |        ^
../Libraries/CMSIS/CM3/CoreSupport\core_cm3.h(751): note: expanded from macro '__INLINE'
  751 |   #define __INLINE         inline                                     /*!< inline keyword for GNU Compiler       */
      |                            ^
../Libraries/CMSIS/CM3/CoreSupport\core_cm3.h(1529): error: unknown type name 'inline'
 1529 | static __INLINE uint32_t NVIC_GetPendingIRQ(IRQn_Type IRQn)
      |        ^
../Libraries/CMSIS/CM3/CoreSupport\core_cm3.h(751): note: expanded from macro '__INLINE'
  751 |   #define __INLINE         inline                                     /*!< inline keyword for GNU Compiler       */
      |                            ^
../Libraries/CMSIS/CM3/CoreSupport\core_cm3.h(1529): error: expected ';' after top level declarator
 1529 | static __INLINE uint32_t NVIC_GetPendingIRQ(IRQn_Type IRQn)
      |                         ^
      |                         ;
fatal error: too many errors emitted, stopping now [-ferror-limit=]
20 errors generated.
compiling misc.c...
../User/usart.c(1): warning: In file included from...
../User\usart.h(5): warning: In file included from...
../Libraries/CMSIS/CM3/DeviceSupport/ST/STM32F10x\stm32f10x.h(478): warning: In file included from...
../Libraries/CMSIS/CM3/CoreSupport\core_cm3.h(1204): error: unknown type name 'inline'
 1204 | static __INLINE void __enable_irq()               { __ASM volatile ("cpsie i"); }
      |        ^
../Libraries/CMSIS/CM3/CoreSupport\core_cm3.h(751): note: expanded from macro '__INLINE'
  751 |   #define __INLINE         inline                                     /*!< inline keyword for GNU Compiler       */
      |                            ^
../Libraries/CMSIS/CM3/CoreSupport\core_cm3.h(1205): error: unknown type name 'inline'
 1205 | static __INLINE void __disable_irq()              { __ASM volatile ("cpsid i"); }
      |        ^
../Libraries/CMSIS/CM3/CoreSupport\core_cm3.h(751): note: expanded from macro '__INLINE'
  751 |   #define __INLINE         inline                                     /*!< inline keyword for GNU Compiler       */
      |                            ^
../Libraries/CMSIS/CM3/CoreSupport\core_cm3.h(1207): error: unknown type name 'inline'
 1207 | static __INLINE void __enable_fault_irq()         { __ASM volatile ("cpsie f"); }
      |        ^
../Libraries/CMSIS/CM3/CoreSupport\core_cm3.h(751): note: expanded from macro '__INLINE'
  751 |   #define __INLINE         inline                                     /*!< inline keyword for GNU Compiler       */
      |                            ^
../Libraries/CMSIS/CM3/CoreSupport\core_cm3.h(1208): error: unknown type name 'inline'
 1208 | static __INLINE void __disable_fault_irq()        { __ASM volatile ("cpsid f"); }
      |        ^
../Libraries/CMSIS/CM3/CoreSupport\core_cm3.h(751): note: expanded from macro '__INLINE'
  751 |   #define __INLINE         inline                                     /*!< inline keyword for GNU Compiler       */
      |                            ^
../Libraries/CMSIS/CM3/CoreSupport\core_cm3.h(1210): error: unknown type name 'inline'
 1210 | static __INLINE void __NOP()                      { __ASM volatile ("nop"); }
      |        ^
../Libraries/CMSIS/CM3/CoreSupport\core_cm3.h(751): note: expanded from macro '__INLINE'
  751 |   #define __INLINE         inline                                     /*!< inline keyword for GNU Compiler       */
      |                            ^
../Libraries/CMSIS/CM3/CoreSupport\core_cm3.h(1211): error: unknown type name 'inline'
 1211 | static __INLINE void __WFI()                      { __ASM volatile ("wfi"); }
      |        ^
../Libraries/CMSIS/CM3/CoreSupport\core_cm3.h(751): note: expanded from macro '__INLINE'
  751 |   #define __INLINE         inline                                     /*!< inline keyword for GNU Compiler       */
      |                            ^
../Libraries/CMSIS/CM3/CoreSupport\core_cm3.h(1212): error: unknown type name 'inline'
 1212 | static __INLINE void __WFE()                      { __ASM volatile ("wfe"); }
      |        ^
../Libraries/CMSIS/CM3/CoreSupport\core_cm3.h(751): note: expanded from macro '__INLINE'
  751 |   #define __INLINE         inline                                     /*!< inline keyword for GNU Compiler       */
      |                            ^
../Libraries/CMSIS/CM3/CoreSupport\core_cm3.h(1213): error: unknown type name 'inline'
 1213 | static __INLINE void __SEV()                      { __ASM volatile ("sev"); }
      |        ^
../Libraries/CMSIS/CM3/CoreSupport\core_cm3.h(751): note: expanded from macro '__INLINE'
  751 |   #define __INLINE         inline                                     /*!< inline keyword for GNU Compiler       */
      |                            ^
../Libraries/CMSIS/CM3/CoreSupport\core_cm3.h(1214): error: unknown type name 'inline'
 1214 | static __INLINE void __ISB()                      { __ASM volatile ("isb"); }
      |        ^
../Libraries/CMSIS/CM3/CoreSupport\core_cm3.h(751): note: expanded from macro '__INLINE'
  751 |   #define __INLINE         inline                                     /*!< inline keyword for GNU Compiler       */
      |                            ^
../Libraries/CMSIS/CM3/CoreSupport\core_cm3.h(1215): error: unknown type name 'inline'
 1215 | static __INLINE void __DSB()                      { __ASM volatile ("dsb"); }
      |        ^
../Libraries/CMSIS/CM3/CoreSupport\core_cm3.h(751): note: expanded from macro '__INLINE'
  751 |   #define __INLINE         inline                                     /*!< inline keyword for GNU Compiler       */
      |                            ^
../Libraries/CMSIS/CM3/CoreSupport\core_cm3.h(1216): error: unknown type name 'inline'
 1216 | static __INLINE void __DMB()                      { __ASM volatile ("dmb"); }
      |        ^
../Libraries/CMSIS/CM3/CoreSupport\core_cm3.h(751): note: expanded from macro '__INLINE'
  751 |   #define __INLINE         inline                                     /*!< inline keyword for GNU Compiler       */
      |                            ^
../Libraries/CMSIS/CM3/CoreSupport\core_cm3.h(1217): error: unknown type name 'inline'
 1217 | static __INLINE void __CLREX()                    { __ASM volatile ("clrex"); }
      |        ^
../Libraries/CMSIS/CM3/CoreSupport\core_cm3.h(751): note: expanded from macro '__INLINE'
  751 |   #define __INLINE         inline                                     /*!< inline keyword for GNU Compiler       */
      |                            ^
../Libraries/CMSIS/CM3/CoreSupport\core_cm3.h(1468): error: unknown type name 'inline'
 1468 | static __INLINE void NVIC_SetPriorityGrouping(uint32_t PriorityGroup)
      |        ^
../Libraries/CMSIS/CM3/CoreSupport\core_cm3.h(751): note: expanded from macro '__INLINE'
  751 |   #define __INLINE         inline                                     /*!< inline keyword for GNU Compiler       */
      |                            ^
../Libraries/CMSIS/CM3/CoreSupport\core_cm3.h(1489): error: unknown type name 'inline'
 1489 | static __INLINE uint32_t NVIC_GetPriorityGrouping(void)
      |        ^
../Libraries/CMSIS/CM3/CoreSupport\core_cm3.h(751): note: expanded from macro '__INLINE'
  751 |   #define __INLINE         inline                                     /*!< inline keyword for GNU Compiler       */
      |                            ^
../Libraries/CMSIS/CM3/CoreSupport\core_cm3.h(1489): error: expected ';' after top level declarator
 1489 | static __INLINE uint32_t NVIC_GetPriorityGrouping(void)
      |                         ^
      |                         ;
../Libraries/CMSIS/CM3/CoreSupport\core_cm3.h(1502): error: unknown type name 'inline'
 1502 | static __INLINE void NVIC_EnableIRQ(IRQn_Type IRQn)
      |        ^
../Libraries/CMSIS/CM3/CoreSupport\core_cm3.h(751): note: expanded from macro '__INLINE'
  751 |   #define __INLINE         inline                                     /*!< inline keyword for GNU Compiler       */
      |                            ^
../Libraries/CMSIS/CM3/CoreSupport\core_cm3.h(1515): error: unknown type name 'inline'
 1515 | static __INLINE void NVIC_DisableIRQ(IRQn_Type IRQn)
      |        ^
../Libraries/CMSIS/CM3/CoreSupport\core_cm3.h(751): note: expanded from macro '__INLINE'
  751 |   #define __INLINE         inline                                     /*!< inline keyword for GNU Compiler       */
      |                            ^
../Libraries/CMSIS/CM3/CoreSupport\core_cm3.h(1529): error: unknown type name 'inline'
 1529 | static __INLINE uint32_t NVIC_GetPendingIRQ(IRQn_Type IRQn)
      |        ^
../Libraries/CMSIS/CM3/CoreSupport\core_cm3.h(751): note: expanded from macro '__INLINE'
  751 |   #define __INLINE         inline                                     /*!< inline keyword for GNU Compiler       */
      |                            ^
../Libraries/CMSIS/CM3/CoreSupport\core_cm3.h(1529): error: expected ';' after top level declarator
 1529 | static __INLINE uint32_t NVIC_GetPendingIRQ(IRQn_Type IRQn)
      |                         ^
      |                         ;
fatal error: too many errors emitted, stopping now [-ferror-limit=]
20 errors generated.
compiling usart.c...
../Libraries/STM32F10x_StdPeriph_Driver/src/stm32f10x_usart.c(23): warning: In file included from...
../Libraries/STM32F10x_StdPeriph_Driver/inc\stm32f10x_usart.h(32): warning: In file included from...
../Libraries/CMSIS/CM3/DeviceSupport/ST/STM32F10x\stm32f10x.h(478): warning: In file included from...
../Libraries/CMSIS/CM3/CoreSupport\core_cm3.h(1204): error: unknown type name 'inline'
 1204 | static __INLINE void __enable_irq()               { __ASM volatile ("cpsie i"); }
      |        ^
../Libraries/CMSIS/CM3/CoreSupport\core_cm3.h(751): note: expanded from macro '__INLINE'
  751 |   #define __INLINE         inline                                     /*!< inline keyword for GNU Compiler       */
      |                            ^
../Libraries/CMSIS/CM3/CoreSupport\core_cm3.h(1205): error: unknown type name 'inline'
 1205 | static __INLINE void __disable_irq()              { __ASM volatile ("cpsid i"); }
      |        ^
../Libraries/CMSIS/CM3/CoreSupport\core_cm3.h(751): note: expanded from macro '__INLINE'
  751 |   #define __INLINE         inline                                     /*!< inline keyword for GNU Compiler       */
      |                            ^
../Libraries/CMSIS/CM3/CoreSupport\core_cm3.h(1207): error: unknown type name 'inline'
 1207 | static __INLINE void __enable_fault_irq()         { __ASM volatile ("cpsie f"); }
      |        ^
../Libraries/CMSIS/CM3/CoreSupport\core_cm3.h(751): note: expanded from macro '__INLINE'
  751 |   #define __INLINE         inline                                     /*!< inline keyword for GNU Compiler       */
      |                            ^
../Libraries/CMSIS/CM3/CoreSupport\core_cm3.h(1208): error: unknown type name 'inline'
 1208 | static __INLINE void __disable_fault_irq()        { __ASM volatile ("cpsid f"); }
      |        ^
../Libraries/CMSIS/CM3/CoreSupport\core_cm3.h(751): note: expanded from macro '__INLINE'
  751 |   #define __INLINE         inline                                     /*!< inline keyword for GNU Compiler       */
      |                            ^
../Libraries/CMSIS/CM3/CoreSupport\core_cm3.h(1210): error: unknown type name 'inline'
 1210 | static __INLINE void __NOP()                      { __ASM volatile ("nop"); }
      |        ^
../Libraries/CMSIS/CM3/CoreSupport\core_cm3.h(751): note: expanded from macro '__INLINE'
  751 |   #define __INLINE         inline                                     /*!< inline keyword for GNU Compiler       */
      |                            ^
../Libraries/CMSIS/CM3/CoreSupport\core_cm3.h(1211): error: unknown type name 'inline'
 1211 | static __INLINE void __WFI()                      { __ASM volatile ("wfi"); }
      |        ^
../Libraries/CMSIS/CM3/CoreSupport\core_cm3.h(751): note: expanded from macro '__INLINE'
  751 |   #define __INLINE         inline                                     /*!< inline keyword for GNU Compiler       */
      |                            ^
../Libraries/CMSIS/CM3/CoreSupport\core_cm3.h(1212): error: unknown type name 'inline'
 1212 | static __INLINE void __WFE()                      { __ASM volatile ("wfe"); }
      |        ^
../Libraries/CMSIS/CM3/CoreSupport\core_cm3.h(751): note: expanded from macro '__INLINE'
  751 |   #define __INLINE         inline                                     /*!< inline keyword for GNU Compiler       */
      |                            ^
../Libraries/CMSIS/CM3/CoreSupport\core_cm3.h(1213): error: unknown type name 'inline'
 1213 | static __INLINE void __SEV()                      { __ASM volatile ("sev"); }
      |        ^
../Libraries/CMSIS/CM3/CoreSupport\core_cm3.h(751): note: expanded from macro '__INLINE'
  751 |   #define __INLINE         inline                                     /*!< inline keyword for GNU Compiler       */
      |                            ^
../Libraries/CMSIS/CM3/CoreSupport\core_cm3.h(1214): error: unknown type name 'inline'
 1214 | static __INLINE void __ISB()                      { __ASM volatile ("isb"); }
      |        ^
../Libraries/CMSIS/CM3/CoreSupport\core_cm3.h(751): note: expanded from macro '__INLINE'
  751 |   #define __INLINE         inline                                     /*!< inline keyword for GNU Compiler       */
      |                            ^
../Libraries/CMSIS/CM3/CoreSupport\core_cm3.h(1215): error: unknown type name 'inline'
 1215 | static __INLINE void __DSB()                      { __ASM volatile ("dsb"); }
      |        ^
../Libraries/CMSIS/CM3/CoreSupport\core_cm3.h(751): note: expanded from macro '__INLINE'
  751 |   #define __INLINE         inline                                     /*!< inline keyword for GNU Compiler       */
      |                            ^
../Libraries/CMSIS/CM3/CoreSupport\core_cm3.h(1216): error: unknown type name 'inline'
 1216 | static __INLINE void __DMB()                      { __ASM volatile ("dmb"); }
      |        ^
../Libraries/CMSIS/CM3/CoreSupport\core_cm3.h(751): note: expanded from macro '__INLINE'
  751 |   #define __INLINE         inline                                     /*!< inline keyword for GNU Compiler       */
      |                            ^
../Libraries/CMSIS/CM3/CoreSupport\core_cm3.h(1217): error: unknown type name 'inline'
 1217 | static __INLINE void __CLREX()                    { __ASM volatile ("clrex"); }
      |        ^
../Libraries/CMSIS/CM3/CoreSupport\core_cm3.h(751): note: expanded from macro '__INLINE'
  751 |   #define __INLINE         inline                                     /*!< inline keyword for GNU Compiler       */
      |                            ^
../Libraries/CMSIS/CM3/CoreSupport\core_cm3.h(1468): error: unknown type name 'inline'
 1468 | static __INLINE void NVIC_SetPriorityGrouping(uint32_t PriorityGroup)
      |        ^
../Libraries/CMSIS/CM3/CoreSupport\core_cm3.h(751): note: expanded from macro '__INLINE'
  751 |   #define __INLINE         inline                                     /*!< inline keyword for GNU Compiler       */
      |                            ^
../Libraries/CMSIS/CM3/CoreSupport\core_cm3.h(1489): error: unknown type name 'inline'
 1489 | static __INLINE uint32_t NVIC_GetPriorityGrouping(void)
      |        ^
../Libraries/CMSIS/CM3/CoreSupport\core_cm3.h(751): note: expanded from macro '__INLINE'
  751 |   #define __INLINE         inline                                     /*!< inline keyword for GNU Compiler       */
      |                            ^
../Libraries/CMSIS/CM3/CoreSupport\core_cm3.h(1489): error: expected ';' after top level declarator
 1489 | static __INLINE uint32_t NVIC_GetPriorityGrouping(void)
      |                         ^
      |                         ;
../Libraries/CMSIS/CM3/CoreSupport\core_cm3.h(1502): error: unknown type name 'inline'
 1502 | static __INLINE void NVIC_EnableIRQ(IRQn_Type IRQn)
      |        ^
../Libraries/CMSIS/CM3/CoreSupport\core_cm3.h(751): note: expanded from macro '__INLINE'
  751 |   #define __INLINE         inline                                     /*!< inline keyword for GNU Compiler       */
      |                            ^
../Libraries/CMSIS/CM3/CoreSupport\core_cm3.h(1515): error: unknown type name 'inline'
 1515 | static __INLINE void NVIC_DisableIRQ(IRQn_Type IRQn)
      |        ^
../Libraries/CMSIS/CM3/CoreSupport\core_cm3.h(751): note: expanded from macro '__INLINE'
  751 |   #define __INLINE         inline                                     /*!< inline keyword for GNU Compiler       */
      |                            ^
../Libraries/CMSIS/CM3/CoreSupport\core_cm3.h(1529): error: unknown type name 'inline'
 1529 | static __INLINE uint32_t NVIC_GetPendingIRQ(IRQn_Type IRQn)
      |        ^
../Libraries/CMSIS/CM3/CoreSupport\core_cm3.h(751): note: expanded from macro '__INLINE'
  751 |   #define __INLINE         inline                                     /*!< inline keyword for GNU Compiler       */
      |                            ^
../Libraries/CMSIS/CM3/CoreSupport\core_cm3.h(1529): error: expected ';' after top level declarator
 1529 | static __INLINE uint32_t NVIC_GetPendingIRQ(IRQn_Type IRQn)
      |                         ^
      |                         ;
fatal error: too many errors emitted, stopping now [-ferror-limit=]
20 errors generated.
compiling stm32f10x_usart.c...
../User/stm32f10x_it.c(25): warning: In file included from...
../User\stm32f10x_it.h(31): warning: In file included from...
../Libraries/CMSIS/CM3/DeviceSupport/ST/STM32F10x\stm32f10x.h(478): warning: In file included from...
../Libraries/CMSIS/CM3/CoreSupport\core_cm3.h(1204): error: unknown type name 'inline'
 1204 | static __INLINE void __enable_irq()               { __ASM volatile ("cpsie i"); }
      |        ^
../Libraries/CMSIS/CM3/CoreSupport\core_cm3.h(751): note: expanded from macro '__INLINE'
  751 |   #define __INLINE         inline                                     /*!< inline keyword for GNU Compiler       */
      |                            ^
../Libraries/CMSIS/CM3/CoreSupport\core_cm3.h(1205): error: unknown type name 'inline'
 1205 | static __INLINE void __disable_irq()              { __ASM volatile ("cpsid i"); }
      |        ^
../Libraries/CMSIS/CM3/CoreSupport\core_cm3.h(751): note: expanded from macro '__INLINE'
  751 |   #define __INLINE         inline                                     /*!< inline keyword for GNU Compiler       */
      |                            ^
../Libraries/CMSIS/CM3/CoreSupport\core_cm3.h(1207): error: unknown type name 'inline'
 1207 | static __INLINE void __enable_fault_irq()         { __ASM volatile ("cpsie f"); }
      |        ^
../Libraries/CMSIS/CM3/CoreSupport\core_cm3.h(751): note: expanded from macro '__INLINE'
  751 |   #define __INLINE         inline                                     /*!< inline keyword for GNU Compiler       */
      |                            ^
../Libraries/CMSIS/CM3/CoreSupport\core_cm3.h(1208): error: unknown type name 'inline'
 1208 | static __INLINE void __disable_fault_irq()        { __ASM volatile ("cpsid f"); }
      |        ^
../Libraries/CMSIS/CM3/CoreSupport\core_cm3.h(751): note: expanded from macro '__INLINE'
  751 |   #define __INLINE         inline                                     /*!< inline keyword for GNU Compiler       */
      |                            ^
../Libraries/CMSIS/CM3/CoreSupport\core_cm3.h(1210): error: unknown type name 'inline'
 1210 | static __INLINE void __NOP()                      { __ASM volatile ("nop"); }
      |        ^
../Libraries/CMSIS/CM3/CoreSupport\core_cm3.h(751): note: expanded from macro '__INLINE'
  751 |   #define __INLINE         inline                                     /*!< inline keyword for GNU Compiler       */
      |                            ^
../Libraries/CMSIS/CM3/CoreSupport\core_cm3.h(1211): error: unknown type name 'inline'
 1211 | static __INLINE void __WFI()                      { __ASM volatile ("wfi"); }
      |        ^
../Libraries/CMSIS/CM3/CoreSupport\core_cm3.h(751): note: expanded from macro '__INLINE'
  751 |   #define __INLINE         inline                                     /*!< inline keyword for GNU Compiler       */
      |                            ^
../Libraries/CMSIS/CM3/CoreSupport\core_cm3.h(1212): error: unknown type name 'inline'
 1212 | static __INLINE void __WFE()                      { __ASM volatile ("wfe"); }
      |        ^
../Libraries/CMSIS/CM3/CoreSupport\core_cm3.h(751): note: expanded from macro '__INLINE'
  751 |   #define __INLINE         inline                                     /*!< inline keyword for GNU Compiler       */
      |                            ^
../Libraries/CMSIS/CM3/CoreSupport\core_cm3.h(1213): error: unknown type name 'inline'
 1213 | static __INLINE void __SEV()                      { __ASM volatile ("sev"); }
      |        ^
../Libraries/CMSIS/CM3/CoreSupport\core_cm3.h(751): note: expanded from macro '__INLINE'
  751 |   #define __INLINE         inline                                     /*!< inline keyword for GNU Compiler       */
      |                            ^
../Libraries/CMSIS/CM3/CoreSupport\core_cm3.h(1214): error: unknown type name 'inline'
 1214 | static __INLINE void __ISB()                      { __ASM volatile ("isb"); }
      |        ^
../Libraries/CMSIS/CM3/CoreSupport\core_cm3.h(751): note: expanded from macro '__INLINE'
  751 |   #define __INLINE         inline                                     /*!< inline keyword for GNU Compiler       */
      |                            ^
../Libraries/CMSIS/CM3/CoreSupport\core_cm3.h(1215): error: unknown type name 'inline'
 1215 | static __INLINE void __DSB()                      { __ASM volatile ("dsb"); }
      |        ^
../Libraries/CMSIS/CM3/CoreSupport\core_cm3.h(751): note: expanded from macro '__INLINE'
  751 |   #define __INLINE         inline                                     /*!< inline keyword for GNU Compiler       */
      |                            ^
../Libraries/CMSIS/CM3/CoreSupport\core_cm3.h(1216): error: unknown type name 'inline'
 1216 | static __INLINE void __DMB()                      { __ASM volatile ("dmb"); }
      |        ^
../Libraries/CMSIS/CM3/CoreSupport\core_cm3.h(751): note: expanded from macro '__INLINE'
  751 |   #define __INLINE         inline                                     /*!< inline keyword for GNU Compiler       */
      |                            ^
../Libraries/CMSIS/CM3/CoreSupport\core_cm3.h(1217): error: unknown type name 'inline'
 1217 | static __INLINE void __CLREX()                    { __ASM volatile ("clrex"); }
      |        ^
../Libraries/CMSIS/CM3/CoreSupport\core_cm3.h(751): note: expanded from macro '__INLINE'
  751 |   #define __INLINE         inline                                     /*!< inline keyword for GNU Compiler       */
      |                            ^
../Libraries/CMSIS/CM3/CoreSupport\core_cm3.h(1468): error: unknown type name 'inline'
 1468 | static __INLINE void NVIC_SetPriorityGrouping(uint32_t PriorityGroup)
      |        ^
../Libraries/CMSIS/CM3/CoreSupport\core_cm3.h(751): note: expanded from macro '__INLINE'
  751 |   #define __INLINE         inline                                     /*!< inline keyword for GNU Compiler       */
      |                            ^
../Libraries/CMSIS/CM3/CoreSupport\core_cm3.h(1489): error: unknown type name 'inline'
 1489 | static __INLINE uint32_t NVIC_GetPriorityGrouping(void)
      |        ^
../Libraries/CMSIS/CM3/CoreSupport\core_cm3.h(751): note: expanded from macro '__INLINE'
  751 |   #define __INLINE         inline                                     /*!< inline keyword for GNU Compiler       */
      |                            ^
../Libraries/CMSIS/CM3/CoreSupport\core_cm3.h(1489): error: expected ';' after top level declarator
 1489 | static __INLINE uint32_t NVIC_GetPriorityGrouping(void)
      |                         ^
      |                         ;
../Libraries/CMSIS/CM3/CoreSupport\core_cm3.h(1502): error: unknown type name 'inline'
 1502 | static __INLINE void NVIC_EnableIRQ(IRQn_Type IRQn)
      |        ^
../Libraries/CMSIS/CM3/CoreSupport\core_cm3.h(751): note: expanded from macro '__INLINE'
  751 |   #define __INLINE         inline                                     /*!< inline keyword for GNU Compiler       */
      |                            ^
../Libraries/CMSIS/CM3/CoreSupport\core_cm3.h(1515): error: unknown type name 'inline'
 1515 | static __INLINE void NVIC_DisableIRQ(IRQn_Type IRQn)
      |        ^
../Libraries/CMSIS/CM3/CoreSupport\core_cm3.h(751): note: expanded from macro '__INLINE'
  751 |   #define __INLINE         inline                                     /*!< inline keyword for GNU Compiler       */
      |                            ^
../Libraries/CMSIS/CM3/CoreSupport\core_cm3.h(1529): error: unknown type name 'inline'
 1529 | static __INLINE uint32_t NVIC_GetPendingIRQ(IRQn_Type IRQn)
      |        ^
../Libraries/CMSIS/CM3/CoreSupport\core_cm3.h(751): note: expanded from macro '__INLINE'
  751 |   #define __INLINE         inline                                     /*!< inline keyword for GNU Compiler       */
      |                            ^
../Libraries/CMSIS/CM3/CoreSupport\core_cm3.h(1529): error: expected ';' after top level declarator
 1529 | static __INLINE uint32_t NVIC_GetPendingIRQ(IRQn_Type IRQn)
      |                         ^
      |                         ;
fatal error: too many errors emitted, stopping now [-ferror-limit=]
20 errors generated.
compiling stm32f10x_it.c...
../Libraries/STM32F10x_StdPeriph_Driver/src/stm32f10x_gpio.c(23): warning: In file included from...
../Libraries/STM32F10x_StdPeriph_Driver/inc\stm32f10x_gpio.h(32): warning: In file included from...
../Libraries/CMSIS/CM3/DeviceSupport/ST/STM32F10x\stm32f10x.h(478): warning: In file included from...
../Libraries/CMSIS/CM3/CoreSupport\core_cm3.h(1204): error: unknown type name 'inline'
 1204 | static __INLINE void __enable_irq()               { __ASM volatile ("cpsie i"); }
      |        ^
../Libraries/CMSIS/CM3/CoreSupport\core_cm3.h(751): note: expanded from macro '__INLINE'
  751 |   #define __INLINE         inline                                     /*!< inline keyword for GNU Compiler       */
      |                            ^
../Libraries/CMSIS/CM3/CoreSupport\core_cm3.h(1205): error: unknown type name 'inline'
 1205 | static __INLINE void __disable_irq()              { __ASM volatile ("cpsid i"); }
      |        ^
../Libraries/CMSIS/CM3/CoreSupport\core_cm3.h(751): note: expanded from macro '__INLINE'
  751 |   #define __INLINE         inline                                     /*!< inline keyword for GNU Compiler       */
      |                            ^
../Libraries/CMSIS/CM3/CoreSupport\core_cm3.h(1207): error: unknown type name 'inline'
 1207 | static __INLINE void __enable_fault_irq()         { __ASM volatile ("cpsie f"); }
      |        ^
../Libraries/CMSIS/CM3/CoreSupport\core_cm3.h(751): note: expanded from macro '__INLINE'
  751 |   #define __INLINE         inline                                     /*!< inline keyword for GNU Compiler       */
      |                            ^
../Libraries/CMSIS/CM3/CoreSupport\core_cm3.h(1208): error: unknown type name 'inline'
 1208 | static __INLINE void __disable_fault_irq()        { __ASM volatile ("cpsid f"); }
      |        ^
../Libraries/CMSIS/CM3/CoreSupport\core_cm3.h(751): note: expanded from macro '__INLINE'
  751 |   #define __INLINE         inline                                     /*!< inline keyword for GNU Compiler       */
      |                            ^
../Libraries/CMSIS/CM3/CoreSupport\core_cm3.h(1210): error: unknown type name 'inline'
 1210 | static __INLINE void __NOP()                      { __ASM volatile ("nop"); }
      |        ^
../Libraries/CMSIS/CM3/CoreSupport\core_cm3.h(751): note: expanded from macro '__INLINE'
  751 |   #define __INLINE         inline                                     /*!< inline keyword for GNU Compiler       */
      |                            ^
../Libraries/CMSIS/CM3/CoreSupport\core_cm3.h(1211): error: unknown type name 'inline'
 1211 | static __INLINE void __WFI()                      { __ASM volatile ("wfi"); }
      |        ^
../Libraries/CMSIS/CM3/CoreSupport\core_cm3.h(751): note: expanded from macro '__INLINE'
  751 |   #define __INLINE         inline                                     /*!< inline keyword for GNU Compiler       */
      |                            ^
../Libraries/CMSIS/CM3/CoreSupport\core_cm3.h(1212): error: unknown type name 'inline'
 1212 | static __INLINE void __WFE()                      { __ASM volatile ("wfe"); }
      |        ^
../Libraries/CMSIS/CM3/CoreSupport\core_cm3.h(751): note: expanded from macro '__INLINE'
  751 |   #define __INLINE         inline                                     /*!< inline keyword for GNU Compiler       */
      |                            ^
../Libraries/CMSIS/CM3/CoreSupport\core_cm3.h(1213): error: unknown type name 'inline'
 1213 | static __INLINE void __SEV()                      { __ASM volatile ("sev"); }
      |        ^
../Libraries/CMSIS/CM3/CoreSupport\core_cm3.h(751): note: expanded from macro '__INLINE'
  751 |   #define __INLINE         inline                                     /*!< inline keyword for GNU Compiler       */
      |                            ^
../Libraries/CMSIS/CM3/CoreSupport\core_cm3.h(1214): error: unknown type name 'inline'
 1214 | static __INLINE void __ISB()                      { __ASM volatile ("isb"); }
      |        ^
../Libraries/CMSIS/CM3/CoreSupport\core_cm3.h(751): note: expanded from macro '__INLINE'
  751 |   #define __INLINE         inline                                     /*!< inline keyword for GNU Compiler       */
      |                            ^
../Libraries/CMSIS/CM3/CoreSupport\core_cm3.h(1215): error: unknown type name 'inline'
 1215 | static __INLINE void __DSB()                      { __ASM volatile ("dsb"); }
      |        ^
../Libraries/CMSIS/CM3/CoreSupport\core_cm3.h(751): note: expanded from macro '__INLINE'
  751 |   #define __INLINE         inline                                     /*!< inline keyword for GNU Compiler       */
      |                            ^
../Libraries/CMSIS/CM3/CoreSupport\core_cm3.h(1216): error: unknown type name 'inline'
 1216 | static __INLINE void __DMB()                      { __ASM volatile ("dmb"); }
      |        ^
../Libraries/CMSIS/CM3/CoreSupport\core_cm3.h(751): note: expanded from macro '__INLINE'
  751 |   #define __INLINE         inline                                     /*!< inline keyword for GNU Compiler       */
      |                            ^
../Libraries/CMSIS/CM3/CoreSupport\core_cm3.h(1217): error: unknown type name 'inline'
 1217 | static __INLINE void __CLREX()                    { __ASM volatile ("clrex"); }
      |        ^
../Libraries/CMSIS/CM3/CoreSupport\core_cm3.h(751): note: expanded from macro '__INLINE'
  751 |   #define __INLINE         inline                                     /*!< inline keyword for GNU Compiler       */
      |                            ^
../Libraries/CMSIS/CM3/CoreSupport\core_cm3.h(1468): error: unknown type name 'inline'
 1468 | static __INLINE void NVIC_SetPriorityGrouping(uint32_t PriorityGroup)
      |        ^
../Libraries/CMSIS/CM3/CoreSupport\core_cm3.h(751): note: expanded from macro '__INLINE'
  751 |   #define __INLINE         inline                                     /*!< inline keyword for GNU Compiler       */
      |                            ^
../Libraries/CMSIS/CM3/CoreSupport\core_cm3.h(1489): error: unknown type name 'inline'
 1489 | static __INLINE uint32_t NVIC_GetPriorityGrouping(void)
      |        ^
../Libraries/CMSIS/CM3/CoreSupport\core_cm3.h(751): note: expanded from macro '__INLINE'
  751 |   #define __INLINE         inline                                     /*!< inline keyword for GNU Compiler       */
      |                            ^
../Libraries/CMSIS/CM3/CoreSupport\core_cm3.h(1489): error: expected ';' after top level declarator
 1489 | static __INLINE uint32_t NVIC_GetPriorityGrouping(void)
      |                         ^
      |                         ;
../Libraries/CMSIS/CM3/CoreSupport\core_cm3.h(1502): error: unknown type name 'inline'
 1502 | static __INLINE void NVIC_EnableIRQ(IRQn_Type IRQn)
      |        ^
../Libraries/CMSIS/CM3/CoreSupport\core_cm3.h(751): note: expanded from macro '__INLINE'
  751 |   #define __INLINE         inline                                     /*!< inline keyword for GNU Compiler       */
      |                            ^
../Libraries/CMSIS/CM3/CoreSupport\core_cm3.h(1515): error: unknown type name 'inline'
 1515 | static __INLINE void NVIC_DisableIRQ(IRQn_Type IRQn)
      |        ^
../Libraries/CMSIS/CM3/CoreSupport\core_cm3.h(751): note: expanded from macro '__INLINE'
  751 |   #define __INLINE         inline                                     /*!< inline keyword for GNU Compiler       */
      |                            ^
../Libraries/CMSIS/CM3/CoreSupport\core_cm3.h(1529): error: unknown type name 'inline'
 1529 | static __INLINE uint32_t NVIC_GetPendingIRQ(IRQn_Type IRQn)
      |        ^
../Libraries/CMSIS/CM3/CoreSupport\core_cm3.h(751): note: expanded from macro '__INLINE'
  751 |   #define __INLINE         inline                                     /*!< inline keyword for GNU Compiler       */
      |                            ^
../Libraries/CMSIS/CM3/CoreSupport\core_cm3.h(1529): error: expected ';' after top level declarator
 1529 | static __INLINE uint32_t NVIC_GetPendingIRQ(IRQn_Type IRQn)
      |                         ^
      |                         ;
fatal error: too many errors emitted, stopping now [-ferror-limit=]
20 errors generated.
compiling stm32f10x_gpio.c...
../User/stm32f1_delay.c(27): warning: In file included from...
../User\stm32f1_delay.h(30): warning: In file included from...
../Libraries/CMSIS/CM3/DeviceSupport/ST/STM32F10x\stm32f10x.h(478): warning: In file included from...
../Libraries/CMSIS/CM3/CoreSupport\core_cm3.h(1204): error: unknown type name 'inline'
 1204 | static __INLINE void __enable_irq()               { __ASM volatile ("cpsie i"); }
      |        ^
../Libraries/CMSIS/CM3/CoreSupport\core_cm3.h(751): note: expanded from macro '__INLINE'
  751 |   #define __INLINE         inline                                     /*!< inline keyword for GNU Compiler       */
      |                            ^
../Libraries/CMSIS/CM3/CoreSupport\core_cm3.h(1205): error: unknown type name 'inline'
 1205 | static __INLINE void __disable_irq()              { __ASM volatile ("cpsid i"); }
      |        ^
../Libraries/CMSIS/CM3/CoreSupport\core_cm3.h(751): note: expanded from macro '__INLINE'
  751 |   #define __INLINE         inline                                     /*!< inline keyword for GNU Compiler       */
      |                            ^
../Libraries/CMSIS/CM3/CoreSupport\core_cm3.h(1207): error: unknown type name 'inline'
 1207 | static __INLINE void __enable_fault_irq()         { __ASM volatile ("cpsie f"); }
      |        ^
../Libraries/CMSIS/CM3/CoreSupport\core_cm3.h(751): note: expanded from macro '__INLINE'
  751 |   #define __INLINE         inline                                     /*!< inline keyword for GNU Compiler       */
      |                            ^
../Libraries/CMSIS/CM3/CoreSupport\core_cm3.h(1208): error: unknown type name 'inline'
 1208 | static __INLINE void __disable_fault_irq()        { __ASM volatile ("cpsid f"); }
      |        ^
../Libraries/CMSIS/CM3/CoreSupport\core_cm3.h(751): note: expanded from macro '__INLINE'
  751 |   #define __INLINE         inline                                     /*!< inline keyword for GNU Compiler       */
      |                            ^
../Libraries/CMSIS/CM3/CoreSupport\core_cm3.h(1210): error: unknown type name 'inline'
 1210 | static __INLINE void __NOP()                      { __ASM volatile ("nop"); }
      |        ^
../Libraries/CMSIS/CM3/CoreSupport\core_cm3.h(751): note: expanded from macro '__INLINE'
  751 |   #define __INLINE         inline                                     /*!< inline keyword for GNU Compiler       */
      |                            ^
../Libraries/CMSIS/CM3/CoreSupport\core_cm3.h(1211): error: unknown type name 'inline'
 1211 | static __INLINE void __WFI()                      { __ASM volatile ("wfi"); }
      |        ^
../Libraries/CMSIS/CM3/CoreSupport\core_cm3.h(751): note: expanded from macro '__INLINE'
  751 |   #define __INLINE         inline                                     /*!< inline keyword for GNU Compiler       */
      |                            ^
../Libraries/CMSIS/CM3/CoreSupport\core_cm3.h(1212): error: unknown type name 'inline'
 1212 | static __INLINE void __WFE()                      { __ASM volatile ("wfe"); }
      |        ^
../Libraries/CMSIS/CM3/CoreSupport\core_cm3.h(751): note: expanded from macro '__INLINE'
  751 |   #define __INLINE         inline                                     /*!< inline keyword for GNU Compiler       */
      |                            ^
../Libraries/CMSIS/CM3/CoreSupport\core_cm3.h(1213): error: unknown type name 'inline'
 1213 | static __INLINE void __SEV()                      { __ASM volatile ("sev"); }
      |        ^
../Libraries/CMSIS/CM3/CoreSupport\core_cm3.h(751): note: expanded from macro '__INLINE'
  751 |   #define __INLINE         inline                                     /*!< inline keyword for GNU Compiler       */
      |                            ^
../Libraries/CMSIS/CM3/CoreSupport\core_cm3.h(1214): error: unknown type name 'inline'
 1214 | static __INLINE void __ISB()                      { __ASM volatile ("isb"); }
      |        ^
../Libraries/CMSIS/CM3/CoreSupport\core_cm3.h(751): note: expanded from macro '__INLINE'
  751 |   #define __INLINE         inline                                     /*!< inline keyword for GNU Compiler       */
      |                            ^
../Libraries/CMSIS/CM3/CoreSupport\core_cm3.h(1215): error: unknown type name 'inline'
 1215 | static __INLINE void __DSB()                      { __ASM volatile ("dsb"); }
      |        ^
../Libraries/CMSIS/CM3/CoreSupport\core_cm3.h(751): note: expanded from macro '__INLINE'
  751 |   #define __INLINE         inline                                     /*!< inline keyword for GNU Compiler       */
      |                            ^
../Libraries/CMSIS/CM3/CoreSupport\core_cm3.h(1216): error: unknown type name 'inline'
 1216 | static __INLINE void __DMB()                      { __ASM volatile ("dmb"); }
      |        ^
../Libraries/CMSIS/CM3/CoreSupport\core_cm3.h(751): note: expanded from macro '__INLINE'
  751 |   #define __INLINE         inline                                     /*!< inline keyword for GNU Compiler       */
      |                            ^
../Libraries/CMSIS/CM3/CoreSupport\core_cm3.h(1217): error: unknown type name 'inline'
 1217 | static __INLINE void __CLREX()                    { __ASM volatile ("clrex"); }
      |        ^
../Libraries/CMSIS/CM3/CoreSupport\core_cm3.h(751): note: expanded from macro '__INLINE'
  751 |   #define __INLINE         inline                                     /*!< inline keyword for GNU Compiler       */
      |                            ^
../Libraries/CMSIS/CM3/CoreSupport\core_cm3.h(1468): error: unknown type name 'inline'
 1468 | static __INLINE void NVIC_SetPriorityGrouping(uint32_t PriorityGroup)
      |        ^
../Libraries/CMSIS/CM3/CoreSupport\core_cm3.h(751): note: expanded from macro '__INLINE'
  751 |   #define __INLINE         inline                                     /*!< inline keyword for GNU Compiler       */
      |                            ^
../Libraries/CMSIS/CM3/CoreSupport\core_cm3.h(1489): error: unknown type name 'inline'
 1489 | static __INLINE uint32_t NVIC_GetPriorityGrouping(void)
      |        ^
../Libraries/CMSIS/CM3/CoreSupport\core_cm3.h(751): note: expanded from macro '__INLINE'
  751 |   #define __INLINE         inline                                     /*!< inline keyword for GNU Compiler       */
      |                            ^
../Libraries/CMSIS/CM3/CoreSupport\core_cm3.h(1489): error: expected ';' after top level declarator
 1489 | static __INLINE uint32_t NVIC_GetPriorityGrouping(void)
      |                         ^
      |                         ;
../Libraries/CMSIS/CM3/CoreSupport\core_cm3.h(1502): error: unknown type name 'inline'
 1502 | static __INLINE void NVIC_EnableIRQ(IRQn_Type IRQn)
      |        ^
../Libraries/CMSIS/CM3/CoreSupport\core_cm3.h(751): note: expanded from macro '__INLINE'
  751 |   #define __INLINE         inline                                     /*!< inline keyword for GNU Compiler       */
      |                            ^
../Libraries/CMSIS/CM3/CoreSupport\core_cm3.h(1515): error: unknown type name 'inline'
 1515 | static __INLINE void NVIC_DisableIRQ(IRQn_Type IRQn)
      |        ^
../Libraries/CMSIS/CM3/CoreSupport\core_cm3.h(751): note: expanded from macro '__INLINE'
  751 |   #define __INLINE         inline                                     /*!< inline keyword for GNU Compiler       */
      |                            ^
../Libraries/CMSIS/CM3/CoreSupport\core_cm3.h(1529): error: unknown type name 'inline'
 1529 | static __INLINE uint32_t NVIC_GetPendingIRQ(IRQn_Type IRQn)
      |        ^
../Libraries/CMSIS/CM3/CoreSupport\core_cm3.h(751): note: expanded from macro '__INLINE'
  751 |   #define __INLINE         inline                                     /*!< inline keyword for GNU Compiler       */
      |                            ^
../Libraries/CMSIS/CM3/CoreSupport\core_cm3.h(1529): error: expected ';' after top level declarator
 1529 | static __INLINE uint32_t NVIC_GetPendingIRQ(IRQn_Type IRQn)
      |                         ^
      |                         ;
fatal error: too many errors emitted, stopping now [-ferror-limit=]
20 errors generated.
compiling stm32f1_delay.c...
../User/stm32f1_rc522.c(3): warning: In file included from...
../User\stm32f1_rc522.h(11): warning: In file included from...
../Libraries/CMSIS/CM3/DeviceSupport/ST/STM32F10x\stm32f10x.h(478): warning: In file included from...
../Libraries/CMSIS/CM3/CoreSupport\core_cm3.h(1204): error: unknown type name 'inline'
 1204 | static __INLINE void __enable_irq()               { __ASM volatile ("cpsie i"); }
      |        ^
../Libraries/CMSIS/CM3/CoreSupport\core_cm3.h(751): note: expanded from macro '__INLINE'
  751 |   #define __INLINE         inline                                     /*!< inline keyword for GNU Compiler       */
      |                            ^
../Libraries/CMSIS/CM3/CoreSupport\core_cm3.h(1205): error: unknown type name 'inline'
 1205 | static __INLINE void __disable_irq()              { __ASM volatile ("cpsid i"); }
      |        ^
../Libraries/CMSIS/CM3/CoreSupport\core_cm3.h(751): note: expanded from macro '__INLINE'
  751 |   #define __INLINE         inline                                     /*!< inline keyword for GNU Compiler       */
      |                            ^
../Libraries/CMSIS/CM3/CoreSupport\core_cm3.h(1207): error: unknown type name 'inline'
 1207 | static __INLINE void __enable_fault_irq()         { __ASM volatile ("cpsie f"); }
      |        ^
../Libraries/CMSIS/CM3/CoreSupport\core_cm3.h(751): note: expanded from macro '__INLINE'
  751 |   #define __INLINE         inline                                     /*!< inline keyword for GNU Compiler       */
      |                            ^
../Libraries/CMSIS/CM3/CoreSupport\core_cm3.h(1208): error: unknown type name 'inline'
 1208 | static __INLINE void __disable_fault_irq()        { __ASM volatile ("cpsid f"); }
      |        ^
../Libraries/CMSIS/CM3/CoreSupport\core_cm3.h(751): note: expanded from macro '__INLINE'
  751 |   #define __INLINE         inline                                     /*!< inline keyword for GNU Compiler       */
      |                            ^
../Libraries/CMSIS/CM3/CoreSupport\core_cm3.h(1210): error: unknown type name 'inline'
 1210 | static __INLINE void __NOP()                      { __ASM volatile ("nop"); }
      |        ^
../Libraries/CMSIS/CM3/CoreSupport\core_cm3.h(751): note: expanded from macro '__INLINE'
  751 |   #define __INLINE         inline                                     /*!< inline keyword for GNU Compiler       */
      |                            ^
../Libraries/CMSIS/CM3/CoreSupport\core_cm3.h(1211): error: unknown type name 'inline'
 1211 | static __INLINE void __WFI()                      { __ASM volatile ("wfi"); }
      |        ^
../Libraries/CMSIS/CM3/CoreSupport\core_cm3.h(751): note: expanded from macro '__INLINE'
  751 |   #define __INLINE         inline                                     /*!< inline keyword for GNU Compiler       */
      |                            ^
../Libraries/CMSIS/CM3/CoreSupport\core_cm3.h(1212): error: unknown type name 'inline'
 1212 | static __INLINE void __WFE()                      { __ASM volatile ("wfe"); }
      |        ^
../Libraries/CMSIS/CM3/CoreSupport\core_cm3.h(751): note: expanded from macro '__INLINE'
  751 |   #define __INLINE         inline                                     /*!< inline keyword for GNU Compiler       */
      |                            ^
../Libraries/CMSIS/CM3/CoreSupport\core_cm3.h(1213): error: unknown type name 'inline'
 1213 | static __INLINE void __SEV()                      { __ASM volatile ("sev"); }
      |        ^
../Libraries/CMSIS/CM3/CoreSupport\core_cm3.h(751): note: expanded from macro '__INLINE'
  751 |   #define __INLINE         inline                                     /*!< inline keyword for GNU Compiler       */
      |                            ^
../Libraries/CMSIS/CM3/CoreSupport\core_cm3.h(1214): error: unknown type name 'inline'
 1214 | static __INLINE void __ISB()                      { __ASM volatile ("isb"); }
      |        ^
../Libraries/CMSIS/CM3/CoreSupport\core_cm3.h(751): note: expanded from macro '__INLINE'
  751 |   #define __INLINE         inline                                     /*!< inline keyword for GNU Compiler       */
      |                            ^
../Libraries/CMSIS/CM3/CoreSupport\core_cm3.h(1215): error: unknown type name 'inline'
 1215 | static __INLINE void __DSB()                      { __ASM volatile ("dsb"); }
      |        ^
../Libraries/CMSIS/CM3/CoreSupport\core_cm3.h(751): note: expanded from macro '__INLINE'
  751 |   #define __INLINE         inline                                     /*!< inline keyword for GNU Compiler       */
      |                            ^
../Libraries/CMSIS/CM3/CoreSupport\core_cm3.h(1216): error: unknown type name 'inline'
 1216 | static __INLINE void __DMB()                      { __ASM volatile ("dmb"); }
      |        ^
../Libraries/CMSIS/CM3/CoreSupport\core_cm3.h(751): note: expanded from macro '__INLINE'
  751 |   #define __INLINE         inline                                     /*!< inline keyword for GNU Compiler       */
      |                            ^
../Libraries/CMSIS/CM3/CoreSupport\core_cm3.h(1217): error: unknown type name 'inline'
 1217 | static __INLINE void __CLREX()                    { __ASM volatile ("clrex"); }
      |        ^
../Libraries/CMSIS/CM3/CoreSupport\core_cm3.h(751): note: expanded from macro '__INLINE'
  751 |   #define __INLINE         inline                                     /*!< inline keyword for GNU Compiler       */
      |                            ^
../Libraries/CMSIS/CM3/CoreSupport\core_cm3.h(1468): error: unknown type name 'inline'
 1468 | static __INLINE void NVIC_SetPriorityGrouping(uint32_t PriorityGroup)
      |        ^
../Libraries/CMSIS/CM3/CoreSupport\core_cm3.h(751): note: expanded from macro '__INLINE'
  751 |   #define __INLINE         inline                                     /*!< inline keyword for GNU Compiler       */
      |                            ^
../Libraries/CMSIS/CM3/CoreSupport\core_cm3.h(1489): error: unknown type name 'inline'
 1489 | static __INLINE uint32_t NVIC_GetPriorityGrouping(void)
      |        ^
../Libraries/CMSIS/CM3/CoreSupport\core_cm3.h(751): note: expanded from macro '__INLINE'
  751 |   #define __INLINE         inline                                     /*!< inline keyword for GNU Compiler       */
      |                            ^
../Libraries/CMSIS/CM3/CoreSupport\core_cm3.h(1489): error: expected ';' after top level declarator
 1489 | static __INLINE uint32_t NVIC_GetPriorityGrouping(void)
      |                         ^
      |                         ;
../Libraries/CMSIS/CM3/CoreSupport\core_cm3.h(1502): error: unknown type name 'inline'
 1502 | static __INLINE void NVIC_EnableIRQ(IRQn_Type IRQn)
      |        ^
../Libraries/CMSIS/CM3/CoreSupport\core_cm3.h(751): note: expanded from macro '__INLINE'
  751 |   #define __INLINE         inline                                     /*!< inline keyword for GNU Compiler       */
      |                            ^
../Libraries/CMSIS/CM3/CoreSupport\core_cm3.h(1515): error: unknown type name 'inline'
 1515 | static __INLINE void NVIC_DisableIRQ(IRQn_Type IRQn)
      |        ^
../Libraries/CMSIS/CM3/CoreSupport\core_cm3.h(751): note: expanded from macro '__INLINE'
  751 |   #define __INLINE         inline                                     /*!< inline keyword for GNU Compiler       */
      |                            ^
../Libraries/CMSIS/CM3/CoreSupport\core_cm3.h(1529): error: unknown type name 'inline'
 1529 | static __INLINE uint32_t NVIC_GetPendingIRQ(IRQn_Type IRQn)
      |        ^
../Libraries/CMSIS/CM3/CoreSupport\core_cm3.h(751): note: expanded from macro '__INLINE'
  751 |   #define __INLINE         inline                                     /*!< inline keyword for GNU Compiler       */
      |                            ^
../Libraries/CMSIS/CM3/CoreSupport\core_cm3.h(1529): error: expected ';' after top level declarator
 1529 | static __INLINE uint32_t NVIC_GetPendingIRQ(IRQn_Type IRQn)
      |                         ^
      |                         ;
fatal error: too many errors emitted, stopping now [-ferror-limit=]
20 errors generated.
compiling stm32f1_rc522.c...
../User/main.c(28): warning: In file included from...
../Libraries/CMSIS/CM3/DeviceSupport/ST/STM32F10x\stm32f10x.h(478): warning: In file included from...
../Libraries/CMSIS/CM3/CoreSupport\core_cm3.h(1204): error: unknown type name 'inline'
 1204 | static __INLINE void __enable_irq()               { __ASM volatile ("cpsie i"); }
      |        ^
../Libraries/CMSIS/CM3/CoreSupport\core_cm3.h(751): note: expanded from macro '__INLINE'
  751 |   #define __INLINE         inline                                     /*!< inline keyword for GNU Compiler       */
      |                            ^
../Libraries/CMSIS/CM3/CoreSupport\core_cm3.h(1205): error: unknown type name 'inline'
 1205 | static __INLINE void __disable_irq()              { __ASM volatile ("cpsid i"); }
      |        ^
../Libraries/CMSIS/CM3/CoreSupport\core_cm3.h(751): note: expanded from macro '__INLINE'
  751 |   #define __INLINE         inline                                     /*!< inline keyword for GNU Compiler       */
      |                            ^
../Libraries/CMSIS/CM3/CoreSupport\core_cm3.h(1207): error: unknown type name 'inline'
 1207 | static __INLINE void __enable_fault_irq()         { __ASM volatile ("cpsie f"); }
      |        ^
../Libraries/CMSIS/CM3/CoreSupport\core_cm3.h(751): note: expanded from macro '__INLINE'
  751 |   #define __INLINE         inline                                     /*!< inline keyword for GNU Compiler       */
      |                            ^
../Libraries/CMSIS/CM3/CoreSupport\core_cm3.h(1208): error: unknown type name 'inline'
 1208 | static __INLINE void __disable_fault_irq()        { __ASM volatile ("cpsid f"); }
      |        ^
../Libraries/CMSIS/CM3/CoreSupport\core_cm3.h(751): note: expanded from macro '__INLINE'
  751 |   #define __INLINE         inline                                     /*!< inline keyword for GNU Compiler       */
      |                            ^
../Libraries/CMSIS/CM3/CoreSupport\core_cm3.h(1210): error: unknown type name 'inline'
 1210 | static __INLINE void __NOP()                      { __ASM volatile ("nop"); }
      |        ^
../Libraries/CMSIS/CM3/CoreSupport\core_cm3.h(751): note: expanded from macro '__INLINE'
  751 |   #define __INLINE         inline                                     /*!< inline keyword for GNU Compiler       */
      |                            ^
../Libraries/CMSIS/CM3/CoreSupport\core_cm3.h(1211): error: unknown type name 'inline'
 1211 | static __INLINE void __WFI()                      { __ASM volatile ("wfi"); }
      |        ^
../Libraries/CMSIS/CM3/CoreSupport\core_cm3.h(751): note: expanded from macro '__INLINE'
  751 |   #define __INLINE         inline                                     /*!< inline keyword for GNU Compiler       */
      |                            ^
../Libraries/CMSIS/CM3/CoreSupport\core_cm3.h(1212): error: unknown type name 'inline'
 1212 | static __INLINE void __WFE()                      { __ASM volatile ("wfe"); }
      |        ^
../Libraries/CMSIS/CM3/CoreSupport\core_cm3.h(751): note: expanded from macro '__INLINE'
  751 |   #define __INLINE         inline                                     /*!< inline keyword for GNU Compiler       */
      |                            ^
../Libraries/CMSIS/CM3/CoreSupport\core_cm3.h(1213): error: unknown type name 'inline'
 1213 | static __INLINE void __SEV()                      { __ASM volatile ("sev"); }
      |        ^
../Libraries/CMSIS/CM3/CoreSupport\core_cm3.h(751): note: expanded from macro '__INLINE'
  751 |   #define __INLINE         inline                                     /*!< inline keyword for GNU Compiler       */
      |                            ^
../Libraries/CMSIS/CM3/CoreSupport\core_cm3.h(1214): error: unknown type name 'inline'
 1214 | static __INLINE void __ISB()                      { __ASM volatile ("isb"); }
      |        ^
../Libraries/CMSIS/CM3/CoreSupport\core_cm3.h(751): note: expanded from macro '__INLINE'
  751 |   #define __INLINE         inline                                     /*!< inline keyword for GNU Compiler       */
      |                            ^
../Libraries/CMSIS/CM3/CoreSupport\core_cm3.h(1215): error: unknown type name 'inline'
 1215 | static __INLINE void __DSB()                      { __ASM volatile ("dsb"); }
      |        ^
../Libraries/CMSIS/CM3/CoreSupport\core_cm3.h(751): note: expanded from macro '__INLINE'
  751 |   #define __INLINE         inline                                     /*!< inline keyword for GNU Compiler       */
      |                            ^
../Libraries/CMSIS/CM3/CoreSupport\core_cm3.h(1216): error: unknown type name 'inline'
 1216 | static __INLINE void __DMB()                      { __ASM volatile ("dmb"); }
      |        ^
../Libraries/CMSIS/CM3/CoreSupport\core_cm3.h(751): note: expanded from macro '__INLINE'
  751 |   #define __INLINE         inline                                     /*!< inline keyword for GNU Compiler       */
      |                            ^
../Libraries/CMSIS/CM3/CoreSupport\core_cm3.h(1217): error: unknown type name 'inline'
 1217 | static __INLINE void __CLREX()                    { __ASM volatile ("clrex"); }
      |        ^
../Libraries/CMSIS/CM3/CoreSupport\core_cm3.h(751): note: expanded from macro '__INLINE'
  751 |   #define __INLINE         inline                                     /*!< inline keyword for GNU Compiler       */
      |                            ^
../Libraries/CMSIS/CM3/CoreSupport\core_cm3.h(1468): error: unknown type name 'inline'
 1468 | static __INLINE void NVIC_SetPriorityGrouping(uint32_t PriorityGroup)
      |        ^
../Libraries/CMSIS/CM3/CoreSupport\core_cm3.h(751): note: expanded from macro '__INLINE'
  751 |   #define __INLINE         inline                                     /*!< inline keyword for GNU Compiler       */
      |                            ^
../Libraries/CMSIS/CM3/CoreSupport\core_cm3.h(1489): error: unknown type name 'inline'
 1489 | static __INLINE uint32_t NVIC_GetPriorityGrouping(void)
      |        ^
../Libraries/CMSIS/CM3/CoreSupport\core_cm3.h(751): note: expanded from macro '__INLINE'
  751 |   #define __INLINE         inline                                     /*!< inline keyword for GNU Compiler       */
      |                            ^
../Libraries/CMSIS/CM3/CoreSupport\core_cm3.h(1489): error: expected ';' after top level declarator
 1489 | static __INLINE uint32_t NVIC_GetPriorityGrouping(void)
      |                         ^
      |                         ;
../Libraries/CMSIS/CM3/CoreSupport\core_cm3.h(1502): error: unknown type name 'inline'
 1502 | static __INLINE void NVIC_EnableIRQ(IRQn_Type IRQn)
      |        ^
../Libraries/CMSIS/CM3/CoreSupport\core_cm3.h(751): note: expanded from macro '__INLINE'
  751 |   #define __INLINE         inline                                     /*!< inline keyword for GNU Compiler       */
      |                            ^
../Libraries/CMSIS/CM3/CoreSupport\core_cm3.h(1515): error: unknown type name 'inline'
 1515 | static __INLINE void NVIC_DisableIRQ(IRQn_Type IRQn)
      |        ^
../Libraries/CMSIS/CM3/CoreSupport\core_cm3.h(751): note: expanded from macro '__INLINE'
  751 |   #define __INLINE         inline                                     /*!< inline keyword for GNU Compiler       */
      |                            ^
../Libraries/CMSIS/CM3/CoreSupport\core_cm3.h(1529): error: unknown type name 'inline'
 1529 | static __INLINE uint32_t NVIC_GetPendingIRQ(IRQn_Type IRQn)
      |        ^
../Libraries/CMSIS/CM3/CoreSupport\core_cm3.h(751): note: expanded from macro '__INLINE'
  751 |   #define __INLINE         inline                                     /*!< inline keyword for GNU Compiler       */
      |                            ^
../Libraries/CMSIS/CM3/CoreSupport\core_cm3.h(1529): error: expected ';' after top level declarator
 1529 | static __INLINE uint32_t NVIC_GetPendingIRQ(IRQn_Type IRQn)
      |                         ^
      |                         ;
fatal error: too many errors emitted, stopping now [-ferror-limit=]
20 errors generated.
compiling main.c...
../Libraries/STM32F10x_StdPeriph_Driver/src/stm32f10x_tim.c(23): warning: In file included from...
../Libraries/STM32F10x_StdPeriph_Driver/inc\stm32f10x_tim.h(32): warning: In file included from...
../Libraries/CMSIS/CM3/DeviceSupport/ST/STM32F10x\stm32f10x.h(478): warning: In file included from...
../Libraries/CMSIS/CM3/CoreSupport\core_cm3.h(1204): error: unknown type name 'inline'
 1204 | static __INLINE void __enable_irq()               { __ASM volatile ("cpsie i"); }
      |        ^
../Libraries/CMSIS/CM3/CoreSupport\core_cm3.h(751): note: expanded from macro '__INLINE'
  751 |   #define __INLINE         inline                                     /*!< inline keyword for GNU Compiler       */
      |                            ^
../Libraries/CMSIS/CM3/CoreSupport\core_cm3.h(1205): error: unknown type name 'inline'
 1205 | static __INLINE void __disable_irq()              { __ASM volatile ("cpsid i"); }
      |        ^
../Libraries/CMSIS/CM3/CoreSupport\core_cm3.h(751): note: expanded from macro '__INLINE'
  751 |   #define __INLINE         inline                                     /*!< inline keyword for GNU Compiler       */
      |                            ^
../Libraries/CMSIS/CM3/CoreSupport\core_cm3.h(1207): error: unknown type name 'inline'
 1207 | static __INLINE void __enable_fault_irq()         { __ASM volatile ("cpsie f"); }
      |        ^
../Libraries/CMSIS/CM3/CoreSupport\core_cm3.h(751): note: expanded from macro '__INLINE'
  751 |   #define __INLINE         inline                                     /*!< inline keyword for GNU Compiler       */
      |                            ^
../Libraries/CMSIS/CM3/CoreSupport\core_cm3.h(1208): error: unknown type name 'inline'
 1208 | static __INLINE void __disable_fault_irq()        { __ASM volatile ("cpsid f"); }
      |        ^
../Libraries/CMSIS/CM3/CoreSupport\core_cm3.h(751): note: expanded from macro '__INLINE'
  751 |   #define __INLINE         inline                                     /*!< inline keyword for GNU Compiler       */
      |                            ^
../Libraries/CMSIS/CM3/CoreSupport\core_cm3.h(1210): error: unknown type name 'inline'
 1210 | static __INLINE void __NOP()                      { __ASM volatile ("nop"); }
      |        ^
../Libraries/CMSIS/CM3/CoreSupport\core_cm3.h(751): note: expanded from macro '__INLINE'
  751 |   #define __INLINE         inline                                     /*!< inline keyword for GNU Compiler       */
      |                            ^
../Libraries/CMSIS/CM3/CoreSupport\core_cm3.h(1211): error: unknown type name 'inline'
 1211 | static __INLINE void __WFI()                      { __ASM volatile ("wfi"); }
      |        ^
../Libraries/CMSIS/CM3/CoreSupport\core_cm3.h(751): note: expanded from macro '__INLINE'
  751 |   #define __INLINE         inline                                     /*!< inline keyword for GNU Compiler       */
      |                            ^
../Libraries/CMSIS/CM3/CoreSupport\core_cm3.h(1212): error: unknown type name 'inline'
 1212 | static __INLINE void __WFE()                      { __ASM volatile ("wfe"); }
      |        ^
../Libraries/CMSIS/CM3/CoreSupport\core_cm3.h(751): note: expanded from macro '__INLINE'
  751 |   #define __INLINE         inline                                     /*!< inline keyword for GNU Compiler       */
      |                            ^
../Libraries/CMSIS/CM3/CoreSupport\core_cm3.h(1213): error: unknown type name 'inline'
 1213 | static __INLINE void __SEV()                      { __ASM volatile ("sev"); }
      |        ^
../Libraries/CMSIS/CM3/CoreSupport\core_cm3.h(751): note: expanded from macro '__INLINE'
  751 |   #define __INLINE         inline                                     /*!< inline keyword for GNU Compiler       */
      |                            ^
../Libraries/CMSIS/CM3/CoreSupport\core_cm3.h(1214): error: unknown type name 'inline'
 1214 | static __INLINE void __ISB()                      { __ASM volatile ("isb"); }
      |        ^
../Libraries/CMSIS/CM3/CoreSupport\core_cm3.h(751): note: expanded from macro '__INLINE'
  751 |   #define __INLINE         inline                                     /*!< inline keyword for GNU Compiler       */
      |                            ^
../Libraries/CMSIS/CM3/CoreSupport\core_cm3.h(1215): error: unknown type name 'inline'
 1215 | static __INLINE void __DSB()                      { __ASM volatile ("dsb"); }
      |        ^
../Libraries/CMSIS/CM3/CoreSupport\core_cm3.h(751): note: expanded from macro '__INLINE'
  751 |   #define __INLINE         inline                                     /*!< inline keyword for GNU Compiler       */
      |                            ^
../Libraries/CMSIS/CM3/CoreSupport\core_cm3.h(1216): error: unknown type name 'inline'
 1216 | static __INLINE void __DMB()                      { __ASM volatile ("dmb"); }
      |        ^
../Libraries/CMSIS/CM3/CoreSupport\core_cm3.h(751): note: expanded from macro '__INLINE'
  751 |   #define __INLINE         inline                                     /*!< inline keyword for GNU Compiler       */
      |                            ^
../Libraries/CMSIS/CM3/CoreSupport\core_cm3.h(1217): error: unknown type name 'inline'
 1217 | static __INLINE void __CLREX()                    { __ASM volatile ("clrex"); }
      |        ^
../Libraries/CMSIS/CM3/CoreSupport\core_cm3.h(751): note: expanded from macro '__INLINE'
  751 |   #define __INLINE         inline                                     /*!< inline keyword for GNU Compiler       */
      |                            ^
../Libraries/CMSIS/CM3/CoreSupport\core_cm3.h(1468): error: unknown type name 'inline'
 1468 | static __INLINE void NVIC_SetPriorityGrouping(uint32_t PriorityGroup)
      |        ^
../Libraries/CMSIS/CM3/CoreSupport\core_cm3.h(751): note: expanded from macro '__INLINE'
  751 |   #define __INLINE         inline                                     /*!< inline keyword for GNU Compiler       */
      |                            ^
../Libraries/CMSIS/CM3/CoreSupport\core_cm3.h(1489): error: unknown type name 'inline'
 1489 | static __INLINE uint32_t NVIC_GetPriorityGrouping(void)
      |        ^
../Libraries/CMSIS/CM3/CoreSupport\core_cm3.h(751): note: expanded from macro '__INLINE'
  751 |   #define __INLINE         inline                                     /*!< inline keyword for GNU Compiler       */
      |                            ^
../Libraries/CMSIS/CM3/CoreSupport\core_cm3.h(1489): error: expected ';' after top level declarator
 1489 | static __INLINE uint32_t NVIC_GetPriorityGrouping(void)
      |                         ^
      |                         ;
../Libraries/CMSIS/CM3/CoreSupport\core_cm3.h(1502): error: unknown type name 'inline'
 1502 | static __INLINE void NVIC_EnableIRQ(IRQn_Type IRQn)
      |        ^
../Libraries/CMSIS/CM3/CoreSupport\core_cm3.h(751): note: expanded from macro '__INLINE'
  751 |   #define __INLINE         inline                                     /*!< inline keyword for GNU Compiler       */
      |                            ^
../Libraries/CMSIS/CM3/CoreSupport\core_cm3.h(1515): error: unknown type name 'inline'
 1515 | static __INLINE void NVIC_DisableIRQ(IRQn_Type IRQn)
      |        ^
../Libraries/CMSIS/CM3/CoreSupport\core_cm3.h(751): note: expanded from macro '__INLINE'
  751 |   #define __INLINE         inline                                     /*!< inline keyword for GNU Compiler       */
      |                            ^
../Libraries/CMSIS/CM3/CoreSupport\core_cm3.h(1529): error: unknown type name 'inline'
 1529 | static __INLINE uint32_t NVIC_GetPendingIRQ(IRQn_Type IRQn)
      |        ^
../Libraries/CMSIS/CM3/CoreSupport\core_cm3.h(751): note: expanded from macro '__INLINE'
  751 |   #define __INLINE         inline                                     /*!< inline keyword for GNU Compiler       */
      |                            ^
../Libraries/CMSIS/CM3/CoreSupport\core_cm3.h(1529): error: expected ';' after top level declarator
 1529 | static __INLINE uint32_t NVIC_GetPendingIRQ(IRQn_Type IRQn)
      |                         ^
      |                         ;
fatal error: too many errors emitted, stopping now [-ferror-limit=]
20 errors generated.
compiling stm32f10x_tim.c...
C:/Users/Asus/AppData/Local/Arm/Packs/Keil/STM32F1xx_DFP/2.4.1/Device/StdPeriph_Driver/src/stm32f10x_gpio.c(22): warning: In file included from...
../Libraries/STM32F10x_StdPeriph_Driver/inc\stm32f10x_gpio.h(32): warning: In file included from...
../Libraries/CMSIS/CM3/DeviceSupport/ST/STM32F10x\stm32f10x.h(478): warning: In file included from...
../Libraries/CMSIS/CM3/CoreSupport\core_cm3.h(1204): error: unknown type name 'inline'
 1204 | static __INLINE void __enable_irq()               { __ASM volatile ("cpsie i"); }
      |        ^
../Libraries/CMSIS/CM3/CoreSupport\core_cm3.h(751): note: expanded from macro '__INLINE'
  751 |   #define __INLINE         inline                                     /*!< inline keyword for GNU Compiler       */
      |                            ^
../Libraries/CMSIS/CM3/CoreSupport\core_cm3.h(1205): error: unknown type name 'inline'
 1205 | static __INLINE void __disable_irq()              { __ASM volatile ("cpsid i"); }
      |        ^
../Libraries/CMSIS/CM3/CoreSupport\core_cm3.h(751): note: expanded from macro '__INLINE'
  751 |   #define __INLINE         inline                                     /*!< inline keyword for GNU Compiler       */
      |                            ^
../Libraries/CMSIS/CM3/CoreSupport\core_cm3.h(1207): error: unknown type name 'inline'
 1207 | static __INLINE void __enable_fault_irq()         { __ASM volatile ("cpsie f"); }
      |        ^
../Libraries/CMSIS/CM3/CoreSupport\core_cm3.h(751): note: expanded from macro '__INLINE'
  751 |   #define __INLINE         inline                                     /*!< inline keyword for GNU Compiler       */
      |                            ^
../Libraries/CMSIS/CM3/CoreSupport\core_cm3.h(1208): error: unknown type name 'inline'
 1208 | static __INLINE void __disable_fault_irq()        { __ASM volatile ("cpsid f"); }
      |        ^
../Libraries/CMSIS/CM3/CoreSupport\core_cm3.h(751): note: expanded from macro '__INLINE'
  751 |   #define __INLINE         inline                                     /*!< inline keyword for GNU Compiler       */
      |                            ^
../Libraries/CMSIS/CM3/CoreSupport\core_cm3.h(1210): error: unknown type name 'inline'
 1210 | static __INLINE void __NOP()                      { __ASM volatile ("nop"); }
      |        ^
../Libraries/CMSIS/CM3/CoreSupport\core_cm3.h(751): note: expanded from macro '__INLINE'
  751 |   #define __INLINE         inline                                     /*!< inline keyword for GNU Compiler       */
      |                            ^
../Libraries/CMSIS/CM3/CoreSupport\core_cm3.h(1211): error: unknown type name 'inline'
 1211 | static __INLINE void __WFI()                      { __ASM volatile ("wfi"); }
      |        ^
../Libraries/CMSIS/CM3/CoreSupport\core_cm3.h(751): note: expanded from macro '__INLINE'
  751 |   #define __INLINE         inline                                     /*!< inline keyword for GNU Compiler       */
      |                            ^
../Libraries/CMSIS/CM3/CoreSupport\core_cm3.h(1212): error: unknown type name 'inline'
 1212 | static __INLINE void __WFE()                      { __ASM volatile ("wfe"); }
      |        ^
../Libraries/CMSIS/CM3/CoreSupport\core_cm3.h(751): note: expanded from macro '__INLINE'
  751 |   #define __INLINE         inline                                     /*!< inline keyword for GNU Compiler       */
      |                            ^
../Libraries/CMSIS/CM3/CoreSupport\core_cm3.h(1213): error: unknown type name 'inline'
 1213 | static __INLINE void __SEV()                      { __ASM volatile ("sev"); }
      |        ^
../Libraries/CMSIS/CM3/CoreSupport\core_cm3.h(751): note: expanded from macro '__INLINE'
  751 |   #define __INLINE         inline                                     /*!< inline keyword for GNU Compiler       */
      |                            ^
../Libraries/CMSIS/CM3/CoreSupport\core_cm3.h(1214): error: unknown type name 'inline'
 1214 | static __INLINE void __ISB()                      { __ASM volatile ("isb"); }
      |        ^
../Libraries/CMSIS/CM3/CoreSupport\core_cm3.h(751): note: expanded from macro '__INLINE'
  751 |   #define __INLINE         inline                                     /*!< inline keyword for GNU Compiler       */
      |                            ^
../Libraries/CMSIS/CM3/CoreSupport\core_cm3.h(1215): error: unknown type name 'inline'
 1215 | static __INLINE void __DSB()                      { __ASM volatile ("dsb"); }
      |        ^
../Libraries/CMSIS/CM3/CoreSupport\core_cm3.h(751): note: expanded from macro '__INLINE'
  751 |   #define __INLINE         inline                                     /*!< inline keyword for GNU Compiler       */
      |                            ^
../Libraries/CMSIS/CM3/CoreSupport\core_cm3.h(1216): error: unknown type name 'inline'
 1216 | static __INLINE void __DMB()                      { __ASM volatile ("dmb"); }
      |        ^
../Libraries/CMSIS/CM3/CoreSupport\core_cm3.h(751): note: expanded from macro '__INLINE'
  751 |   #define __INLINE         inline                                     /*!< inline keyword for GNU Compiler       */
      |                            ^
../Libraries/CMSIS/CM3/CoreSupport\core_cm3.h(1217): error: unknown type name 'inline'
 1217 | static __INLINE void __CLREX()                    { __ASM volatile ("clrex"); }
      |        ^
../Libraries/CMSIS/CM3/CoreSupport\core_cm3.h(751): note: expanded from macro '__INLINE'
  751 |   #define __INLINE         inline                                     /*!< inline keyword for GNU Compiler       */
      |                            ^
../Libraries/CMSIS/CM3/CoreSupport\core_cm3.h(1468): error: unknown type name 'inline'
 1468 | static __INLINE void NVIC_SetPriorityGrouping(uint32_t PriorityGroup)
      |        ^
../Libraries/CMSIS/CM3/CoreSupport\core_cm3.h(751): note: expanded from macro '__INLINE'
  751 |   #define __INLINE         inline                                     /*!< inline keyword for GNU Compiler       */
      |                            ^
../Libraries/CMSIS/CM3/CoreSupport\core_cm3.h(1489): error: unknown type name 'inline'
 1489 | static __INLINE uint32_t NVIC_GetPriorityGrouping(void)
      |        ^
../Libraries/CMSIS/CM3/CoreSupport\core_cm3.h(751): note: expanded from macro '__INLINE'
  751 |   #define __INLINE         inline                                     /*!< inline keyword for GNU Compiler       */
      |                            ^
../Libraries/CMSIS/CM3/CoreSupport\core_cm3.h(1489): error: expected ';' after top level declarator
 1489 | static __INLINE uint32_t NVIC_GetPriorityGrouping(void)
      |                         ^
      |                         ;
../Libraries/CMSIS/CM3/CoreSupport\core_cm3.h(1502): error: unknown type name 'inline'
 1502 | static __INLINE void NVIC_EnableIRQ(IRQn_Type IRQn)
      |        ^
../Libraries/CMSIS/CM3/CoreSupport\core_cm3.h(751): note: expanded from macro '__INLINE'
  751 |   #define __INLINE         inline                                     /*!< inline keyword for GNU Compiler       */
      |                            ^
../Libraries/CMSIS/CM3/CoreSupport\core_cm3.h(1515): error: unknown type name 'inline'
 1515 | static __INLINE void NVIC_DisableIRQ(IRQn_Type IRQn)
      |        ^
../Libraries/CMSIS/CM3/CoreSupport\core_cm3.h(751): note: expanded from macro '__INLINE'
  751 |   #define __INLINE         inline                                     /*!< inline keyword for GNU Compiler       */
      |                            ^
../Libraries/CMSIS/CM3/CoreSupport\core_cm3.h(1529): error: unknown type name 'inline'
 1529 | static __INLINE uint32_t NVIC_GetPendingIRQ(IRQn_Type IRQn)
      |        ^
../Libraries/CMSIS/CM3/CoreSupport\core_cm3.h(751): note: expanded from macro '__INLINE'
  751 |   #define __INLINE         inline                                     /*!< inline keyword for GNU Compiler       */
      |                            ^
../Libraries/CMSIS/CM3/CoreSupport\core_cm3.h(1529): error: expected ';' after top level declarator
 1529 | static __INLINE uint32_t NVIC_GetPendingIRQ(IRQn_Type IRQn)
      |                         ^
      |                         ;
fatal error: too many errors emitted, stopping now [-ferror-limit=]
20 errors generated.
compiling stm32f10x_gpio.c...
C:/Users/Asus/AppData/Local/Arm/Packs/Keil/STM32F1xx_DFP/2.4.1/Device/StdPeriph_Driver/src/stm32f10x_i2c.c(22): warning: In file included from...
../Libraries/STM32F10x_StdPeriph_Driver/inc\stm32f10x_i2c.h(32): warning: In file included from...
../Libraries/CMSIS/CM3/DeviceSupport/ST/STM32F10x\stm32f10x.h(478): warning: In file included from...
../Libraries/CMSIS/CM3/CoreSupport\core_cm3.h(1204): error: unknown type name 'inline'
 1204 | static __INLINE void __enable_irq()               { __ASM volatile ("cpsie i"); }
      |        ^
../Libraries/CMSIS/CM3/CoreSupport\core_cm3.h(751): note: expanded from macro '__INLINE'
  751 |   #define __INLINE         inline                                     /*!< inline keyword for GNU Compiler       */
      |                            ^
../Libraries/CMSIS/CM3/CoreSupport\core_cm3.h(1205): error: unknown type name 'inline'
 1205 | static __INLINE void __disable_irq()              { __ASM volatile ("cpsid i"); }
      |        ^
../Libraries/CMSIS/CM3/CoreSupport\core_cm3.h(751): note: expanded from macro '__INLINE'
  751 |   #define __INLINE         inline                                     /*!< inline keyword for GNU Compiler       */
      |                            ^
../Libraries/CMSIS/CM3/CoreSupport\core_cm3.h(1207): error: unknown type name 'inline'
 1207 | static __INLINE void __enable_fault_irq()         { __ASM volatile ("cpsie f"); }
      |        ^
../Libraries/CMSIS/CM3/CoreSupport\core_cm3.h(751): note: expanded from macro '__INLINE'
  751 |   #define __INLINE         inline                                     /*!< inline keyword for GNU Compiler       */
      |                            ^
../Libraries/CMSIS/CM3/CoreSupport\core_cm3.h(1208): error: unknown type name 'inline'
 1208 | static __INLINE void __disable_fault_irq()        { __ASM volatile ("cpsid f"); }
      |        ^
../Libraries/CMSIS/CM3/CoreSupport\core_cm3.h(751): note: expanded from macro '__INLINE'
  751 |   #define __INLINE         inline                                     /*!< inline keyword for GNU Compiler       */
      |                            ^
../Libraries/CMSIS/CM3/CoreSupport\core_cm3.h(1210): error: unknown type name 'inline'
 1210 | static __INLINE void __NOP()                      { __ASM volatile ("nop"); }
      |        ^
../Libraries/CMSIS/CM3/CoreSupport\core_cm3.h(751): note: expanded from macro '__INLINE'
  751 |   #define __INLINE         inline                                     /*!< inline keyword for GNU Compiler       */
      |                            ^
../Libraries/CMSIS/CM3/CoreSupport\core_cm3.h(1211): error: unknown type name 'inline'
 1211 | static __INLINE void __WFI()                      { __ASM volatile ("wfi"); }
      |        ^
../Libraries/CMSIS/CM3/CoreSupport\core_cm3.h(751): note: expanded from macro '__INLINE'
  751 |   #define __INLINE         inline                                     /*!< inline keyword for GNU Compiler       */
      |                            ^
../Libraries/CMSIS/CM3/CoreSupport\core_cm3.h(1212): error: unknown type name 'inline'
 1212 | static __INLINE void __WFE()                      { __ASM volatile ("wfe"); }
      |        ^
../Libraries/CMSIS/CM3/CoreSupport\core_cm3.h(751): note: expanded from macro '__INLINE'
  751 |   #define __INLINE         inline                                     /*!< inline keyword for GNU Compiler       */
      |                            ^
../Libraries/CMSIS/CM3/CoreSupport\core_cm3.h(1213): error: unknown type name 'inline'
 1213 | static __INLINE void __SEV()                      { __ASM volatile ("sev"); }
      |        ^
../Libraries/CMSIS/CM3/CoreSupport\core_cm3.h(751): note: expanded from macro '__INLINE'
  751 |   #define __INLINE         inline                                     /*!< inline keyword for GNU Compiler       */
      |                            ^
../Libraries/CMSIS/CM3/CoreSupport\core_cm3.h(1214): error: unknown type name 'inline'
 1214 | static __INLINE void __ISB()                      { __ASM volatile ("isb"); }
      |        ^
../Libraries/CMSIS/CM3/CoreSupport\core_cm3.h(751): note: expanded from macro '__INLINE'
  751 |   #define __INLINE         inline                                     /*!< inline keyword for GNU Compiler       */
      |                            ^
../Libraries/CMSIS/CM3/CoreSupport\core_cm3.h(1215): error: unknown type name 'inline'
 1215 | static __INLINE void __DSB()                      { __ASM volatile ("dsb"); }
      |        ^
../Libraries/CMSIS/CM3/CoreSupport\core_cm3.h(751): note: expanded from macro '__INLINE'
  751 |   #define __INLINE         inline                                     /*!< inline keyword for GNU Compiler       */
      |                            ^
../Libraries/CMSIS/CM3/CoreSupport\core_cm3.h(1216): error: unknown type name 'inline'
 1216 | static __INLINE void __DMB()                      { __ASM volatile ("dmb"); }
      |        ^
../Libraries/CMSIS/CM3/CoreSupport\core_cm3.h(751): note: expanded from macro '__INLINE'
  751 |   #define __INLINE         inline                                     /*!< inline keyword for GNU Compiler       */
      |                            ^
../Libraries/CMSIS/CM3/CoreSupport\core_cm3.h(1217): error: unknown type name 'inline'
 1217 | static __INLINE void __CLREX()                    { __ASM volatile ("clrex"); }
      |        ^
../Libraries/CMSIS/CM3/CoreSupport\core_cm3.h(751): note: expanded from macro '__INLINE'
  751 |   #define __INLINE         inline                                     /*!< inline keyword for GNU Compiler       */
      |                            ^
../Libraries/CMSIS/CM3/CoreSupport\core_cm3.h(1468): error: unknown type name 'inline'
 1468 | static __INLINE void NVIC_SetPriorityGrouping(uint32_t PriorityGroup)
      |        ^
../Libraries/CMSIS/CM3/CoreSupport\core_cm3.h(751): note: expanded from macro '__INLINE'
  751 |   #define __INLINE         inline                                     /*!< inline keyword for GNU Compiler       */
      |                            ^
../Libraries/CMSIS/CM3/CoreSupport\core_cm3.h(1489): error: unknown type name 'inline'
 1489 | static __INLINE uint32_t NVIC_GetPriorityGrouping(void)
      |        ^
../Libraries/CMSIS/CM3/CoreSupport\core_cm3.h(751): note: expanded from macro '__INLINE'
  751 |   #define __INLINE         inline                                     /*!< inline keyword for GNU Compiler       */
      |                            ^
../Libraries/CMSIS/CM3/CoreSupport\core_cm3.h(1489): error: expected ';' after top level declarator
 1489 | static __INLINE uint32_t NVIC_GetPriorityGrouping(void)
      |                         ^
      |                         ;
../Libraries/CMSIS/CM3/CoreSupport\core_cm3.h(1502): error: unknown type name 'inline'
 1502 | static __INLINE void NVIC_EnableIRQ(IRQn_Type IRQn)
      |        ^
../Libraries/CMSIS/CM3/CoreSupport\core_cm3.h(751): note: expanded from macro '__INLINE'
  751 |   #define __INLINE         inline                                     /*!< inline keyword for GNU Compiler       */
      |                            ^
../Libraries/CMSIS/CM3/CoreSupport\core_cm3.h(1515): error: unknown type name 'inline'
 1515 | static __INLINE void NVIC_DisableIRQ(IRQn_Type IRQn)
      |        ^
../Libraries/CMSIS/CM3/CoreSupport\core_cm3.h(751): note: expanded from macro '__INLINE'
  751 |   #define __INLINE         inline                                     /*!< inline keyword for GNU Compiler       */
      |                            ^
../Libraries/CMSIS/CM3/CoreSupport\core_cm3.h(1529): error: unknown type name 'inline'
 1529 | static __INLINE uint32_t NVIC_GetPendingIRQ(IRQn_Type IRQn)
      |        ^
../Libraries/CMSIS/CM3/CoreSupport\core_cm3.h(751): note: expanded from macro '__INLINE'
  751 |   #define __INLINE         inline                                     /*!< inline keyword for GNU Compiler       */
      |                            ^
../Libraries/CMSIS/CM3/CoreSupport\core_cm3.h(1529): error: expected ';' after top level declarator
 1529 | static __INLINE uint32_t NVIC_GetPendingIRQ(IRQn_Type IRQn)
      |                         ^
      |                         ;
fatal error: too many errors emitted, stopping now [-ferror-limit=]
20 errors generated.
compiling stm32f10x_i2c.c...
C:/Users/Asus/AppData/Local/Arm/Packs/Keil/STM32F1xx_DFP/2.4.1/Device/StdPeriph_Driver/src/stm32f10x_rcc.c(22): warning: In file included from...
../Libraries/STM32F10x_StdPeriph_Driver/inc\stm32f10x_rcc.h(32): warning: In file included from...
../Libraries/CMSIS/CM3/DeviceSupport/ST/STM32F10x\stm32f10x.h(478): warning: In file included from...
../Libraries/CMSIS/CM3/CoreSupport\core_cm3.h(1204): error: unknown type name 'inline'
 1204 | static __INLINE void __enable_irq()               { __ASM volatile ("cpsie i"); }
      |        ^
../Libraries/CMSIS/CM3/CoreSupport\core_cm3.h(751): note: expanded from macro '__INLINE'
  751 |   #define __INLINE         inline                                     /*!< inline keyword for GNU Compiler       */
      |                            ^
../Libraries/CMSIS/CM3/CoreSupport\core_cm3.h(1205): error: unknown type name 'inline'
 1205 | static __INLINE void __disable_irq()              { __ASM volatile ("cpsid i"); }
      |        ^
../Libraries/CMSIS/CM3/CoreSupport\core_cm3.h(751): note: expanded from macro '__INLINE'
  751 |   #define __INLINE         inline                                     /*!< inline keyword for GNU Compiler       */
      |                            ^
../Libraries/CMSIS/CM3/CoreSupport\core_cm3.h(1207): error: unknown type name 'inline'
 1207 | static __INLINE void __enable_fault_irq()         { __ASM volatile ("cpsie f"); }
      |        ^
../Libraries/CMSIS/CM3/CoreSupport\core_cm3.h(751): note: expanded from macro '__INLINE'
  751 |   #define __INLINE         inline                                     /*!< inline keyword for GNU Compiler       */
      |                            ^
../Libraries/CMSIS/CM3/CoreSupport\core_cm3.h(1208): error: unknown type name 'inline'
 1208 | static __INLINE void __disable_fault_irq()        { __ASM volatile ("cpsid f"); }
      |        ^
../Libraries/CMSIS/CM3/CoreSupport\core_cm3.h(751): note: expanded from macro '__INLINE'
  751 |   #define __INLINE         inline                                     /*!< inline keyword for GNU Compiler       */
      |                            ^
../Libraries/CMSIS/CM3/CoreSupport\core_cm3.h(1210): error: unknown type name 'inline'
 1210 | static __INLINE void __NOP()                      { __ASM volatile ("nop"); }
      |        ^
../Libraries/CMSIS/CM3/CoreSupport\core_cm3.h(751): note: expanded from macro '__INLINE'
  751 |   #define __INLINE         inline                                     /*!< inline keyword for GNU Compiler       */
      |                            ^
../Libraries/CMSIS/CM3/CoreSupport\core_cm3.h(1211): error: unknown type name 'inline'
 1211 | static __INLINE void __WFI()                      { __ASM volatile ("wfi"); }
      |        ^
../Libraries/CMSIS/CM3/CoreSupport\core_cm3.h(751): note: expanded from macro '__INLINE'
  751 |   #define __INLINE         inline                                     /*!< inline keyword for GNU Compiler       */
      |                            ^
../Libraries/CMSIS/CM3/CoreSupport\core_cm3.h(1212): error: unknown type name 'inline'
 1212 | static __INLINE void __WFE()                      { __ASM volatile ("wfe"); }
      |        ^
../Libraries/CMSIS/CM3/CoreSupport\core_cm3.h(751): note: expanded from macro '__INLINE'
  751 |   #define __INLINE         inline                                     /*!< inline keyword for GNU Compiler       */
      |                            ^
../Libraries/CMSIS/CM3/CoreSupport\core_cm3.h(1213): error: unknown type name 'inline'
 1213 | static __INLINE void __SEV()                      { __ASM volatile ("sev"); }
      |        ^
../Libraries/CMSIS/CM3/CoreSupport\core_cm3.h(751): note: expanded from macro '__INLINE'
  751 |   #define __INLINE         inline                                     /*!< inline keyword for GNU Compiler       */
      |                            ^
../Libraries/CMSIS/CM3/CoreSupport\core_cm3.h(1214): error: unknown type name 'inline'
 1214 | static __INLINE void __ISB()                      { __ASM volatile ("isb"); }
      |        ^
../Libraries/CMSIS/CM3/CoreSupport\core_cm3.h(751): note: expanded from macro '__INLINE'
  751 |   #define __INLINE         inline                                     /*!< inline keyword for GNU Compiler       */
      |                            ^
../Libraries/CMSIS/CM3/CoreSupport\core_cm3.h(1215): error: unknown type name 'inline'
 1215 | static __INLINE void __DSB()                      { __ASM volatile ("dsb"); }
      |        ^
../Libraries/CMSIS/CM3/CoreSupport\core_cm3.h(751): note: expanded from macro '__INLINE'
  751 |   #define __INLINE         inline                                     /*!< inline keyword for GNU Compiler       */
      |                            ^
../Libraries/CMSIS/CM3/CoreSupport\core_cm3.h(1216): error: unknown type name 'inline'
 1216 | static __INLINE void __DMB()                      { __ASM volatile ("dmb"); }
      |        ^
../Libraries/CMSIS/CM3/CoreSupport\core_cm3.h(751): note: expanded from macro '__INLINE'
  751 |   #define __INLINE         inline                                     /*!< inline keyword for GNU Compiler       */
      |                            ^
../Libraries/CMSIS/CM3/CoreSupport\core_cm3.h(1217): error: unknown type name 'inline'
 1217 | static __INLINE void __CLREX()                    { __ASM volatile ("clrex"); }
      |        ^
../Libraries/CMSIS/CM3/CoreSupport\core_cm3.h(751): note: expanded from macro '__INLINE'
  751 |   #define __INLINE         inline                                     /*!< inline keyword for GNU Compiler       */
      |                            ^
../Libraries/CMSIS/CM3/CoreSupport\core_cm3.h(1468): error: unknown type name 'inline'
 1468 | static __INLINE void NVIC_SetPriorityGrouping(uint32_t PriorityGroup)
      |        ^
../Libraries/CMSIS/CM3/CoreSupport\core_cm3.h(751): note: expanded from macro '__INLINE'
  751 |   #define __INLINE         inline                                     /*!< inline keyword for GNU Compiler       */
      |                            ^
../Libraries/CMSIS/CM3/CoreSupport\core_cm3.h(1489): error: unknown type name 'inline'
 1489 | static __INLINE uint32_t NVIC_GetPriorityGrouping(void)
      |        ^
../Libraries/CMSIS/CM3/CoreSupport\core_cm3.h(751): note: expanded from macro '__INLINE'
  751 |   #define __INLINE         inline                                     /*!< inline keyword for GNU Compiler       */
      |                            ^
../Libraries/CMSIS/CM3/CoreSupport\core_cm3.h(1489): error: expected ';' after top level declarator
 1489 | static __INLINE uint32_t NVIC_GetPriorityGrouping(void)
      |                         ^
      |                         ;
../Libraries/CMSIS/CM3/CoreSupport\core_cm3.h(1502): error: unknown type name 'inline'
 1502 | static __INLINE void NVIC_EnableIRQ(IRQn_Type IRQn)
      |        ^
../Libraries/CMSIS/CM3/CoreSupport\core_cm3.h(751): note: expanded from macro '__INLINE'
  751 |   #define __INLINE         inline                                     /*!< inline keyword for GNU Compiler       */
      |                            ^
../Libraries/CMSIS/CM3/CoreSupport\core_cm3.h(1515): error: unknown type name 'inline'
 1515 | static __INLINE void NVIC_DisableIRQ(IRQn_Type IRQn)
      |        ^
../Libraries/CMSIS/CM3/CoreSupport\core_cm3.h(751): note: expanded from macro '__INLINE'
  751 |   #define __INLINE         inline                                     /*!< inline keyword for GNU Compiler       */
      |                            ^
../Libraries/CMSIS/CM3/CoreSupport\core_cm3.h(1529): error: unknown type name 'inline'
 1529 | static __INLINE uint32_t NVIC_GetPendingIRQ(IRQn_Type IRQn)
      |        ^
../Libraries/CMSIS/CM3/CoreSupport\core_cm3.h(751): note: expanded from macro '__INLINE'
  751 |   #define __INLINE         inline                                     /*!< inline keyword for GNU Compiler       */
      |                            ^
../Libraries/CMSIS/CM3/CoreSupport\core_cm3.h(1529): error: expected ';' after top level declarator
 1529 | static __INLINE uint32_t NVIC_GetPendingIRQ(IRQn_Type IRQn)
      |                         ^
      |                         ;
fatal error: too many errors emitted, stopping now [-ferror-limit=]
20 errors generated.
compiling stm32f10x_rcc.c...
C:/Users/Asus/AppData/Local/Arm/Packs/Keil/STM32F1xx_DFP/2.4.1/Device/StdPeriph_Driver/src/stm32f10x_spi.c(22): warning: In file included from...
../Libraries/STM32F10x_StdPeriph_Driver/inc\stm32f10x_spi.h(32): warning: In file included from...
../Libraries/CMSIS/CM3/DeviceSupport/ST/STM32F10x\stm32f10x.h(478): warning: In file included from...
../Libraries/CMSIS/CM3/CoreSupport\core_cm3.h(1204): error: unknown type name 'inline'
 1204 | static __INLINE void __enable_irq()               { __ASM volatile ("cpsie i"); }
      |        ^
../Libraries/CMSIS/CM3/CoreSupport\core_cm3.h(751): note: expanded from macro '__INLINE'
  751 |   #define __INLINE         inline                                     /*!< inline keyword for GNU Compiler       */
      |                            ^
../Libraries/CMSIS/CM3/CoreSupport\core_cm3.h(1205): error: unknown type name 'inline'
 1205 | static __INLINE void __disable_irq()              { __ASM volatile ("cpsid i"); }
      |        ^
../Libraries/CMSIS/CM3/CoreSupport\core_cm3.h(751): note: expanded from macro '__INLINE'
  751 |   #define __INLINE         inline                                     /*!< inline keyword for GNU Compiler       */
      |                            ^
../Libraries/CMSIS/CM3/CoreSupport\core_cm3.h(1207): error: unknown type name 'inline'
 1207 | static __INLINE void __enable_fault_irq()         { __ASM volatile ("cpsie f"); }
      |        ^
../Libraries/CMSIS/CM3/CoreSupport\core_cm3.h(751): note: expanded from macro '__INLINE'
  751 |   #define __INLINE         inline                                     /*!< inline keyword for GNU Compiler       */
      |                            ^
../Libraries/CMSIS/CM3/CoreSupport\core_cm3.h(1208): error: unknown type name 'inline'
 1208 | static __INLINE void __disable_fault_irq()        { __ASM volatile ("cpsid f"); }
      |        ^
../Libraries/CMSIS/CM3/CoreSupport\core_cm3.h(751): note: expanded from macro '__INLINE'
  751 |   #define __INLINE         inline                                     /*!< inline keyword for GNU Compiler       */
      |                            ^
../Libraries/CMSIS/CM3/CoreSupport\core_cm3.h(1210): error: unknown type name 'inline'
 1210 | static __INLINE void __NOP()                      { __ASM volatile ("nop"); }
      |        ^
../Libraries/CMSIS/CM3/CoreSupport\core_cm3.h(751): note: expanded from macro '__INLINE'
  751 |   #define __INLINE         inline                                     /*!< inline keyword for GNU Compiler       */
      |                            ^
../Libraries/CMSIS/CM3/CoreSupport\core_cm3.h(1211): error: unknown type name 'inline'
 1211 | static __INLINE void __WFI()                      { __ASM volatile ("wfi"); }
      |        ^
../Libraries/CMSIS/CM3/CoreSupport\core_cm3.h(751): note: expanded from macro '__INLINE'
  751 |   #define __INLINE         inline                                     /*!< inline keyword for GNU Compiler       */
      |                            ^
../Libraries/CMSIS/CM3/CoreSupport\core_cm3.h(1212): error: unknown type name 'inline'
 1212 | static __INLINE void __WFE()                      { __ASM volatile ("wfe"); }
      |        ^
../Libraries/CMSIS/CM3/CoreSupport\core_cm3.h(751): note: expanded from macro '__INLINE'
  751 |   #define __INLINE         inline                                     /*!< inline keyword for GNU Compiler       */
      |                            ^
../Libraries/CMSIS/CM3/CoreSupport\core_cm3.h(1213): error: unknown type name 'inline'
 1213 | static __INLINE void __SEV()                      { __ASM volatile ("sev"); }
      |        ^
../Libraries/CMSIS/CM3/CoreSupport\core_cm3.h(751): note: expanded from macro '__INLINE'
  751 |   #define __INLINE         inline                                     /*!< inline keyword for GNU Compiler       */
      |                            ^
../Libraries/CMSIS/CM3/CoreSupport\core_cm3.h(1214): error: unknown type name 'inline'
 1214 | static __INLINE void __ISB()                      { __ASM volatile ("isb"); }
      |        ^
../Libraries/CMSIS/CM3/CoreSupport\core_cm3.h(751): note: expanded from macro '__INLINE'
  751 |   #define __INLINE         inline                                     /*!< inline keyword for GNU Compiler       */
      |                            ^
../Libraries/CMSIS/CM3/CoreSupport\core_cm3.h(1215): error: unknown type name 'inline'
 1215 | static __INLINE void __DSB()                      { __ASM volatile ("dsb"); }
      |        ^
../Libraries/CMSIS/CM3/CoreSupport\core_cm3.h(751): note: expanded from macro '__INLINE'
  751 |   #define __INLINE         inline                                     /*!< inline keyword for GNU Compiler       */
      |                            ^
../Libraries/CMSIS/CM3/CoreSupport\core_cm3.h(1216): error: unknown type name 'inline'
 1216 | static __INLINE void __DMB()                      { __ASM volatile ("dmb"); }
      |        ^
../Libraries/CMSIS/CM3/CoreSupport\core_cm3.h(751): note: expanded from macro '__INLINE'
  751 |   #define __INLINE         inline                                     /*!< inline keyword for GNU Compiler       */
      |                            ^
../Libraries/CMSIS/CM3/CoreSupport\core_cm3.h(1217): error: unknown type name 'inline'
 1217 | static __INLINE void __CLREX()                    { __ASM volatile ("clrex"); }
      |        ^
../Libraries/CMSIS/CM3/CoreSupport\core_cm3.h(751): note: expanded from macro '__INLINE'
  751 |   #define __INLINE         inline                                     /*!< inline keyword for GNU Compiler       */
      |                            ^
../Libraries/CMSIS/CM3/CoreSupport\core_cm3.h(1468): error: unknown type name 'inline'
 1468 | static __INLINE void NVIC_SetPriorityGrouping(uint32_t PriorityGroup)
      |        ^
../Libraries/CMSIS/CM3/CoreSupport\core_cm3.h(751): note: expanded from macro '__INLINE'
  751 |   #define __INLINE         inline                                     /*!< inline keyword for GNU Compiler       */
      |                            ^
../Libraries/CMSIS/CM3/CoreSupport\core_cm3.h(1489): error: unknown type name 'inline'
 1489 | static __INLINE uint32_t NVIC_GetPriorityGrouping(void)
      |        ^
../Libraries/CMSIS/CM3/CoreSupport\core_cm3.h(751): note: expanded from macro '__INLINE'
  751 |   #define __INLINE         inline                                     /*!< inline keyword for GNU Compiler       */
      |                            ^
../Libraries/CMSIS/CM3/CoreSupport\core_cm3.h(1489): error: expected ';' after top level declarator
 1489 | static __INLINE uint32_t NVIC_GetPriorityGrouping(void)
      |                         ^
      |                         ;
../Libraries/CMSIS/CM3/CoreSupport\core_cm3.h(1502): error: unknown type name 'inline'
 1502 | static __INLINE void NVIC_EnableIRQ(IRQn_Type IRQn)
      |        ^
../Libraries/CMSIS/CM3/CoreSupport\core_cm3.h(751): note: expanded from macro '__INLINE'
  751 |   #define __INLINE         inline                                     /*!< inline keyword for GNU Compiler       */
      |                            ^
../Libraries/CMSIS/CM3/CoreSupport\core_cm3.h(1515): error: unknown type name 'inline'
 1515 | static __INLINE void NVIC_DisableIRQ(IRQn_Type IRQn)
      |        ^
../Libraries/CMSIS/CM3/CoreSupport\core_cm3.h(751): note: expanded from macro '__INLINE'
  751 |   #define __INLINE         inline                                     /*!< inline keyword for GNU Compiler       */
      |                            ^
../Libraries/CMSIS/CM3/CoreSupport\core_cm3.h(1529): error: unknown type name 'inline'
 1529 | static __INLINE uint32_t NVIC_GetPendingIRQ(IRQn_Type IRQn)
      |        ^
../Libraries/CMSIS/CM3/CoreSupport\core_cm3.h(751): note: expanded from macro '__INLINE'
  751 |   #define __INLINE         inline                                     /*!< inline keyword for GNU Compiler       */
      |                            ^
../Libraries/CMSIS/CM3/CoreSupport\core_cm3.h(1529): error: expected ';' after top level declarator
 1529 | static __INLINE uint32_t NVIC_GetPendingIRQ(IRQn_Type IRQn)
      |                         ^
      |                         ;
fatal error: too many errors emitted, stopping now [-ferror-limit=]
20 errors generated.
compiling stm32f10x_spi.c...
C:/Users/Asus/AppData/Local/Arm/Packs/Keil/STM32F1xx_DFP/2.4.1/Device/StdPeriph_Driver/src/stm32f10x_tim.c(22): warning: In file included from...
../Libraries/STM32F10x_StdPeriph_Driver/inc\stm32f10x_tim.h(32): warning: In file included from...
../Libraries/CMSIS/CM3/DeviceSupport/ST/STM32F10x\stm32f10x.h(478): warning: In file included from...
../Libraries/CMSIS/CM3/CoreSupport\core_cm3.h(1204): error: unknown type name 'inline'
 1204 | static __INLINE void __enable_irq()               { __ASM volatile ("cpsie i"); }
      |        ^
../Libraries/CMSIS/CM3/CoreSupport\core_cm3.h(751): note: expanded from macro '__INLINE'
  751 |   #define __INLINE         inline                                     /*!< inline keyword for GNU Compiler       */
      |                            ^
../Libraries/CMSIS/CM3/CoreSupport\core_cm3.h(1205): error: unknown type name 'inline'
 1205 | static __INLINE void __disable_irq()              { __ASM volatile ("cpsid i"); }
      |        ^
../Libraries/CMSIS/CM3/CoreSupport\core_cm3.h(751): note: expanded from macro '__INLINE'
  751 |   #define __INLINE         inline                                     /*!< inline keyword for GNU Compiler       */
      |                            ^
../Libraries/CMSIS/CM3/CoreSupport\core_cm3.h(1207): error: unknown type name 'inline'
 1207 | static __INLINE void __enable_fault_irq()         { __ASM volatile ("cpsie f"); }
      |        ^
../Libraries/CMSIS/CM3/CoreSupport\core_cm3.h(751): note: expanded from macro '__INLINE'
  751 |   #define __INLINE         inline                                     /*!< inline keyword for GNU Compiler       */
      |                            ^
../Libraries/CMSIS/CM3/CoreSupport\core_cm3.h(1208): error: unknown type name 'inline'
 1208 | static __INLINE void __disable_fault_irq()        { __ASM volatile ("cpsid f"); }
      |        ^
../Libraries/CMSIS/CM3/CoreSupport\core_cm3.h(751): note: expanded from macro '__INLINE'
  751 |   #define __INLINE         inline                                     /*!< inline keyword for GNU Compiler       */
      |                            ^
../Libraries/CMSIS/CM3/CoreSupport\core_cm3.h(1210): error: unknown type name 'inline'
 1210 | static __INLINE void __NOP()                      { __ASM volatile ("nop"); }
      |        ^
../Libraries/CMSIS/CM3/CoreSupport\core_cm3.h(751): note: expanded from macro '__INLINE'
  751 |   #define __INLINE         inline                                     /*!< inline keyword for GNU Compiler       */
      |                            ^
../Libraries/CMSIS/CM3/CoreSupport\core_cm3.h(1211): error: unknown type name 'inline'
 1211 | static __INLINE void __WFI()                      { __ASM volatile ("wfi"); }
      |        ^
../Libraries/CMSIS/CM3/CoreSupport\core_cm3.h(751): note: expanded from macro '__INLINE'
  751 |   #define __INLINE         inline                                     /*!< inline keyword for GNU Compiler       */
      |                            ^
../Libraries/CMSIS/CM3/CoreSupport\core_cm3.h(1212): error: unknown type name 'inline'
 1212 | static __INLINE void __WFE()                      { __ASM volatile ("wfe"); }
      |        ^
../Libraries/CMSIS/CM3/CoreSupport\core_cm3.h(751): note: expanded from macro '__INLINE'
  751 |   #define __INLINE         inline                                     /*!< inline keyword for GNU Compiler       */
      |                            ^
../Libraries/CMSIS/CM3/CoreSupport\core_cm3.h(1213): error: unknown type name 'inline'
 1213 | static __INLINE void __SEV()                      { __ASM volatile ("sev"); }
      |        ^
../Libraries/CMSIS/CM3/CoreSupport\core_cm3.h(751): note: expanded from macro '__INLINE'
  751 |   #define __INLINE         inline                                     /*!< inline keyword for GNU Compiler       */
      |                            ^
../Libraries/CMSIS/CM3/CoreSupport\core_cm3.h(1214): error: unknown type name 'inline'
 1214 | static __INLINE void __ISB()                      { __ASM volatile ("isb"); }
      |        ^
../Libraries/CMSIS/CM3/CoreSupport\core_cm3.h(751): note: expanded from macro '__INLINE'
  751 |   #define __INLINE         inline                                     /*!< inline keyword for GNU Compiler       */
      |                            ^
../Libraries/CMSIS/CM3/CoreSupport\core_cm3.h(1215): error: unknown type name 'inline'
 1215 | static __INLINE void __DSB()                      { __ASM volatile ("dsb"); }
      |        ^
../Libraries/CMSIS/CM3/CoreSupport\core_cm3.h(751): note: expanded from macro '__INLINE'
  751 |   #define __INLINE         inline                                     /*!< inline keyword for GNU Compiler       */
      |                            ^
../Libraries/CMSIS/CM3/CoreSupport\core_cm3.h(1216): error: unknown type name 'inline'
 1216 | static __INLINE void __DMB()                      { __ASM volatile ("dmb"); }
      |        ^
../Libraries/CMSIS/CM3/CoreSupport\core_cm3.h(751): note: expanded from macro '__INLINE'
  751 |   #define __INLINE         inline                                     /*!< inline keyword for GNU Compiler       */
      |                            ^
../Libraries/CMSIS/CM3/CoreSupport\core_cm3.h(1217): error: unknown type name 'inline'
 1217 | static __INLINE void __CLREX()                    { __ASM volatile ("clrex"); }
      |        ^
../Libraries/CMSIS/CM3/CoreSupport\core_cm3.h(751): note: expanded from macro '__INLINE'
  751 |   #define __INLINE         inline                                     /*!< inline keyword for GNU Compiler       */
      |                            ^
../Libraries/CMSIS/CM3/CoreSupport\core_cm3.h(1468): error: unknown type name 'inline'
 1468 | static __INLINE void NVIC_SetPriorityGrouping(uint32_t PriorityGroup)
      |        ^
../Libraries/CMSIS/CM3/CoreSupport\core_cm3.h(751): note: expanded from macro '__INLINE'
  751 |   #define __INLINE         inline                                     /*!< inline keyword for GNU Compiler       */
      |                            ^
../Libraries/CMSIS/CM3/CoreSupport\core_cm3.h(1489): error: unknown type name 'inline'
 1489 | static __INLINE uint32_t NVIC_GetPriorityGrouping(void)
      |        ^
../Libraries/CMSIS/CM3/CoreSupport\core_cm3.h(751): note: expanded from macro '__INLINE'
  751 |   #define __INLINE         inline                                     /*!< inline keyword for GNU Compiler       */
      |                            ^
../Libraries/CMSIS/CM3/CoreSupport\core_cm3.h(1489): error: expected ';' after top level declarator
 1489 | static __INLINE uint32_t NVIC_GetPriorityGrouping(void)
      |                         ^
      |                         ;
../Libraries/CMSIS/CM3/CoreSupport\core_cm3.h(1502): error: unknown type name 'inline'
 1502 | static __INLINE void NVIC_EnableIRQ(IRQn_Type IRQn)
      |        ^
../Libraries/CMSIS/CM3/CoreSupport\core_cm3.h(751): note: expanded from macro '__INLINE'
  751 |   #define __INLINE         inline                                     /*!< inline keyword for GNU Compiler       */
      |                            ^
../Libraries/CMSIS/CM3/CoreSupport\core_cm3.h(1515): error: unknown type name 'inline'
 1515 | static __INLINE void NVIC_DisableIRQ(IRQn_Type IRQn)
      |        ^
../Libraries/CMSIS/CM3/CoreSupport\core_cm3.h(751): note: expanded from macro '__INLINE'
  751 |   #define __INLINE         inline                                     /*!< inline keyword for GNU Compiler       */
      |                            ^
../Libraries/CMSIS/CM3/CoreSupport\core_cm3.h(1529): error: unknown type name 'inline'
 1529 | static __INLINE uint32_t NVIC_GetPendingIRQ(IRQn_Type IRQn)
      |        ^
../Libraries/CMSIS/CM3/CoreSupport\core_cm3.h(751): note: expanded from macro '__INLINE'
  751 |   #define __INLINE         inline                                     /*!< inline keyword for GNU Compiler       */
      |                            ^
../Libraries/CMSIS/CM3/CoreSupport\core_cm3.h(1529): error: expected ';' after top level declarator
 1529 | static __INLINE uint32_t NVIC_GetPendingIRQ(IRQn_Type IRQn)
      |                         ^
      |                         ;
fatal error: too many errors emitted, stopping now [-ferror-limit=]
20 errors generated.
compiling stm32f10x_tim.c...
C:/Users/Asus/AppData/Local/Arm/Packs/Keil/STM32F1xx_DFP/2.4.1/Device/StdPeriph_Driver/src/stm32f10x_usart.c(22): warning: In file included from...
../Libraries/STM32F10x_StdPeriph_Driver/inc\stm32f10x_usart.h(32): warning: In file included from...
../Libraries/CMSIS/CM3/DeviceSupport/ST/STM32F10x\stm32f10x.h(478): warning: In file included from...
../Libraries/CMSIS/CM3/CoreSupport\core_cm3.h(1204): error: unknown type name 'inline'
 1204 | static __INLINE void __enable_irq()               { __ASM volatile ("cpsie i"); }
      |        ^
../Libraries/CMSIS/CM3/CoreSupport\core_cm3.h(751): note: expanded from macro '__INLINE'
  751 |   #define __INLINE         inline                                     /*!< inline keyword for GNU Compiler       */
      |                            ^
../Libraries/CMSIS/CM3/CoreSupport\core_cm3.h(1205): error: unknown type name 'inline'
 1205 | static __INLINE void __disable_irq()              { __ASM volatile ("cpsid i"); }
      |        ^
../Libraries/CMSIS/CM3/CoreSupport\core_cm3.h(751): note: expanded from macro '__INLINE'
  751 |   #define __INLINE         inline                                     /*!< inline keyword for GNU Compiler       */
      |                            ^
../Libraries/CMSIS/CM3/CoreSupport\core_cm3.h(1207): error: unknown type name 'inline'
 1207 | static __INLINE void __enable_fault_irq()         { __ASM volatile ("cpsie f"); }
      |        ^
../Libraries/CMSIS/CM3/CoreSupport\core_cm3.h(751): note: expanded from macro '__INLINE'
  751 |   #define __INLINE         inline                                     /*!< inline keyword for GNU Compiler       */
      |                            ^
../Libraries/CMSIS/CM3/CoreSupport\core_cm3.h(1208): error: unknown type name 'inline'
 1208 | static __INLINE void __disable_fault_irq()        { __ASM volatile ("cpsid f"); }
      |        ^
../Libraries/CMSIS/CM3/CoreSupport\core_cm3.h(751): note: expanded from macro '__INLINE'
  751 |   #define __INLINE         inline                                     /*!< inline keyword for GNU Compiler       */
      |                            ^
../Libraries/CMSIS/CM3/CoreSupport\core_cm3.h(1210): error: unknown type name 'inline'
 1210 | static __INLINE void __NOP()                      { __ASM volatile ("nop"); }
      |        ^
../Libraries/CMSIS/CM3/CoreSupport\core_cm3.h(751): note: expanded from macro '__INLINE'
  751 |   #define __INLINE         inline                                     /*!< inline keyword for GNU Compiler       */
      |                            ^
../Libraries/CMSIS/CM3/CoreSupport\core_cm3.h(1211): error: unknown type name 'inline'
 1211 | static __INLINE void __WFI()                      { __ASM volatile ("wfi"); }
      |        ^
../Libraries/CMSIS/CM3/CoreSupport\core_cm3.h(751): note: expanded from macro '__INLINE'
  751 |   #define __INLINE         inline                                     /*!< inline keyword for GNU Compiler       */
      |                            ^
../Libraries/CMSIS/CM3/CoreSupport\core_cm3.h(1212): error: unknown type name 'inline'
 1212 | static __INLINE void __WFE()                      { __ASM volatile ("wfe"); }
      |        ^
../Libraries/CMSIS/CM3/CoreSupport\core_cm3.h(751): note: expanded from macro '__INLINE'
  751 |   #define __INLINE         inline                                     /*!< inline keyword for GNU Compiler       */
      |                            ^
../Libraries/CMSIS/CM3/CoreSupport\core_cm3.h(1213): error: unknown type name 'inline'
 1213 | static __INLINE void __SEV()                      { __ASM volatile ("sev"); }
      |        ^
../Libraries/CMSIS/CM3/CoreSupport\core_cm3.h(751): note: expanded from macro '__INLINE'
  751 |   #define __INLINE         inline                                     /*!< inline keyword for GNU Compiler       */
      |                            ^
../Libraries/CMSIS/CM3/CoreSupport\core_cm3.h(1214): error: unknown type name 'inline'
 1214 | static __INLINE void __ISB()                      { __ASM volatile ("isb"); }
      |        ^
../Libraries/CMSIS/CM3/CoreSupport\core_cm3.h(751): note: expanded from macro '__INLINE'
  751 |   #define __INLINE         inline                                     /*!< inline keyword for GNU Compiler       */
      |                            ^
../Libraries/CMSIS/CM3/CoreSupport\core_cm3.h(1215): error: unknown type name 'inline'
 1215 | static __INLINE void __DSB()                      { __ASM volatile ("dsb"); }
      |        ^
../Libraries/CMSIS/CM3/CoreSupport\core_cm3.h(751): note: expanded from macro '__INLINE'
  751 |   #define __INLINE         inline                                     /*!< inline keyword for GNU Compiler       */
      |                            ^
../Libraries/CMSIS/CM3/CoreSupport\core_cm3.h(1216): error: unknown type name 'inline'
 1216 | static __INLINE void __DMB()                      { __ASM volatile ("dmb"); }
      |        ^
../Libraries/CMSIS/CM3/CoreSupport\core_cm3.h(751): note: expanded from macro '__INLINE'
  751 |   #define __INLINE         inline                                     /*!< inline keyword for GNU Compiler       */
      |                            ^
../Libraries/CMSIS/CM3/CoreSupport\core_cm3.h(1217): error: unknown type name 'inline'
 1217 | static __INLINE void __CLREX()                    { __ASM volatile ("clrex"); }
      |        ^
../Libraries/CMSIS/CM3/CoreSupport\core_cm3.h(751): note: expanded from macro '__INLINE'
  751 |   #define __INLINE         inline                                     /*!< inline keyword for GNU Compiler       */
      |                            ^
../Libraries/CMSIS/CM3/CoreSupport\core_cm3.h(1468): error: unknown type name 'inline'
 1468 | static __INLINE void NVIC_SetPriorityGrouping(uint32_t PriorityGroup)
      |        ^
../Libraries/CMSIS/CM3/CoreSupport\core_cm3.h(751): note: expanded from macro '__INLINE'
  751 |   #define __INLINE         inline                                     /*!< inline keyword for GNU Compiler       */
      |                            ^
../Libraries/CMSIS/CM3/CoreSupport\core_cm3.h(1489): error: unknown type name 'inline'
 1489 | static __INLINE uint32_t NVIC_GetPriorityGrouping(void)
      |        ^
../Libraries/CMSIS/CM3/CoreSupport\core_cm3.h(751): note: expanded from macro '__INLINE'
  751 |   #define __INLINE         inline                                     /*!< inline keyword for GNU Compiler       */
      |                            ^
../Libraries/CMSIS/CM3/CoreSupport\core_cm3.h(1489): error: expected ';' after top level declarator
 1489 | static __INLINE uint32_t NVIC_GetPriorityGrouping(void)
      |                         ^
      |                         ;
../Libraries/CMSIS/CM3/CoreSupport\core_cm3.h(1502): error: unknown type name 'inline'
 1502 | static __INLINE void NVIC_EnableIRQ(IRQn_Type IRQn)
      |        ^
../Libraries/CMSIS/CM3/CoreSupport\core_cm3.h(751): note: expanded from macro '__INLINE'
  751 |   #define __INLINE         inline                                     /*!< inline keyword for GNU Compiler       */
      |                            ^
../Libraries/CMSIS/CM3/CoreSupport\core_cm3.h(1515): error: unknown type name 'inline'
 1515 | static __INLINE void NVIC_DisableIRQ(IRQn_Type IRQn)
      |        ^
../Libraries/CMSIS/CM3/CoreSupport\core_cm3.h(751): note: expanded from macro '__INLINE'
  751 |   #define __INLINE         inline                                     /*!< inline keyword for GNU Compiler       */
      |                            ^
../Libraries/CMSIS/CM3/CoreSupport\core_cm3.h(1529): error: unknown type name 'inline'
 1529 | static __INLINE uint32_t NVIC_GetPendingIRQ(IRQn_Type IRQn)
      |        ^
../Libraries/CMSIS/CM3/CoreSupport\core_cm3.h(751): note: expanded from macro '__INLINE'
  751 |   #define __INLINE         inline                                     /*!< inline keyword for GNU Compiler       */
      |                            ^
../Libraries/CMSIS/CM3/CoreSupport\core_cm3.h(1529): error: expected ';' after top level declarator
 1529 | static __INLINE uint32_t NVIC_GetPendingIRQ(IRQn_Type IRQn)
      |                         ^
      |                         ;
fatal error: too many errors emitted, stopping now [-ferror-limit=]
20 errors generated.
compiling stm32f10x_usart.c...
RTE/Device/STM32F103C8/system_stm32f10x.c(64): warning: In file included from...
../Libraries/CMSIS/CM3/DeviceSupport/ST/STM32F10x\stm32f10x.h(478): warning: In file included from...
../Libraries/CMSIS/CM3/CoreSupport\core_cm3.h(1204): error: unknown type name 'inline'
 1204 | static __INLINE void __enable_irq()               { __ASM volatile ("cpsie i"); }
      |        ^
../Libraries/CMSIS/CM3/CoreSupport\core_cm3.h(751): note: expanded from macro '__INLINE'
  751 |   #define __INLINE         inline                                     /*!< inline keyword for GNU Compiler       */
      |                            ^
../Libraries/CMSIS/CM3/CoreSupport\core_cm3.h(1205): error: unknown type name 'inline'
 1205 | static __INLINE void __disable_irq()              { __ASM volatile ("cpsid i"); }
      |        ^
../Libraries/CMSIS/CM3/CoreSupport\core_cm3.h(751): note: expanded from macro '__INLINE'
  751 |   #define __INLINE         inline                                     /*!< inline keyword for GNU Compiler       */
      |                            ^
../Libraries/CMSIS/CM3/CoreSupport\core_cm3.h(1207): error: unknown type name 'inline'
 1207 | static __INLINE void __enable_fault_irq()         { __ASM volatile ("cpsie f"); }
      |        ^
../Libraries/CMSIS/CM3/CoreSupport\core_cm3.h(751): note: expanded from macro '__INLINE'
  751 |   #define __INLINE         inline                                     /*!< inline keyword for GNU Compiler       */
      |                            ^
../Libraries/CMSIS/CM3/CoreSupport\core_cm3.h(1208): error: unknown type name 'inline'
 1208 | static __INLINE void __disable_fault_irq()        { __ASM volatile ("cpsid f"); }
      |        ^
../Libraries/CMSIS/CM3/CoreSupport\core_cm3.h(751): note: expanded from macro '__INLINE'
  751 |   #define __INLINE         inline                                     /*!< inline keyword for GNU Compiler       */
      |                            ^
../Libraries/CMSIS/CM3/CoreSupport\core_cm3.h(1210): error: unknown type name 'inline'
 1210 | static __INLINE void __NOP()                      { __ASM volatile ("nop"); }
      |        ^
../Libraries/CMSIS/CM3/CoreSupport\core_cm3.h(751): note: expanded from macro '__INLINE'
  751 |   #define __INLINE         inline                                     /*!< inline keyword for GNU Compiler       */
      |                            ^
../Libraries/CMSIS/CM3/CoreSupport\core_cm3.h(1211): error: unknown type name 'inline'
 1211 | static __INLINE void __WFI()                      { __ASM volatile ("wfi"); }
      |        ^
../Libraries/CMSIS/CM3/CoreSupport\core_cm3.h(751): note: expanded from macro '__INLINE'
  751 |   #define __INLINE         inline                                     /*!< inline keyword for GNU Compiler       */
      |                            ^
../Libraries/CMSIS/CM3/CoreSupport\core_cm3.h(1212): error: unknown type name 'inline'
 1212 | static __INLINE void __WFE()                      { __ASM volatile ("wfe"); }
      |        ^
../Libraries/CMSIS/CM3/CoreSupport\core_cm3.h(751): note: expanded from macro '__INLINE'
  751 |   #define __INLINE         inline                                     /*!< inline keyword for GNU Compiler       */
      |                            ^
../Libraries/CMSIS/CM3/CoreSupport\core_cm3.h(1213): error: unknown type name 'inline'
 1213 | static __INLINE void __SEV()                      { __ASM volatile ("sev"); }
      |        ^
../Libraries/CMSIS/CM3/CoreSupport\core_cm3.h(751): note: expanded from macro '__INLINE'
  751 |   #define __INLINE         inline                                     /*!< inline keyword for GNU Compiler       */
      |                            ^
../Libraries/CMSIS/CM3/CoreSupport\core_cm3.h(1214): error: unknown type name 'inline'
 1214 | static __INLINE void __ISB()                      { __ASM volatile ("isb"); }
      |        ^
../Libraries/CMSIS/CM3/CoreSupport\core_cm3.h(751): note: expanded from macro '__INLINE'
  751 |   #define __INLINE         inline                                     /*!< inline keyword for GNU Compiler       */
      |                            ^
../Libraries/CMSIS/CM3/CoreSupport\core_cm3.h(1215): error: unknown type name 'inline'
 1215 | static __INLINE void __DSB()                      { __ASM volatile ("dsb"); }
      |        ^
../Libraries/CMSIS/CM3/CoreSupport\core_cm3.h(751): note: expanded from macro '__INLINE'
  751 |   #define __INLINE         inline                                     /*!< inline keyword for GNU Compiler       */
      |                            ^
../Libraries/CMSIS/CM3/CoreSupport\core_cm3.h(1216): error: unknown type name 'inline'
 1216 | static __INLINE void __DMB()                      { __ASM volatile ("dmb"); }
      |        ^
../Libraries/CMSIS/CM3/CoreSupport\core_cm3.h(751): note: expanded from macro '__INLINE'
  751 |   #define __INLINE         inline                                     /*!< inline keyword for GNU Compiler       */
      |                            ^
../Libraries/CMSIS/CM3/CoreSupport\core_cm3.h(1217): error: unknown type name 'inline'
 1217 | static __INLINE void __CLREX()                    { __ASM volatile ("clrex"); }
      |        ^
../Libraries/CMSIS/CM3/CoreSupport\core_cm3.h(751): note: expanded from macro '__INLINE'
  751 |   #define __INLINE         inline                                     /*!< inline keyword for GNU Compiler       */
      |                            ^
../Libraries/CMSIS/CM3/CoreSupport\core_cm3.h(1468): error: unknown type name 'inline'
 1468 | static __INLINE void NVIC_SetPriorityGrouping(uint32_t PriorityGroup)
      |        ^
../Libraries/CMSIS/CM3/CoreSupport\core_cm3.h(751): note: expanded from macro '__INLINE'
  751 |   #define __INLINE         inline                                     /*!< inline keyword for GNU Compiler       */
      |                            ^
../Libraries/CMSIS/CM3/CoreSupport\core_cm3.h(1489): error: unknown type name 'inline'
 1489 | static __INLINE uint32_t NVIC_GetPriorityGrouping(void)
      |        ^
../Libraries/CMSIS/CM3/CoreSupport\core_cm3.h(751): note: expanded from macro '__INLINE'
  751 |   #define __INLINE         inline                                     /*!< inline keyword for GNU Compiler       */
      |                            ^
../Libraries/CMSIS/CM3/CoreSupport\core_cm3.h(1489): error: expected ';' after top level declarator
 1489 | static __INLINE uint32_t NVIC_GetPriorityGrouping(void)
      |                         ^
      |                         ;
../Libraries/CMSIS/CM3/CoreSupport\core_cm3.h(1502): error: unknown type name 'inline'
 1502 | static __INLINE void NVIC_EnableIRQ(IRQn_Type IRQn)
      |        ^
../Libraries/CMSIS/CM3/CoreSupport\core_cm3.h(751): note: expanded from macro '__INLINE'
  751 |   #define __INLINE         inline                                     /*!< inline keyword for GNU Compiler       */
      |                            ^
../Libraries/CMSIS/CM3/CoreSupport\core_cm3.h(1515): error: unknown type name 'inline'
 1515 | static __INLINE void NVIC_DisableIRQ(IRQn_Type IRQn)
      |        ^
../Libraries/CMSIS/CM3/CoreSupport\core_cm3.h(751): note: expanded from macro '__INLINE'
  751 |   #define __INLINE         inline                                     /*!< inline keyword for GNU Compiler       */
      |                            ^
../Libraries/CMSIS/CM3/CoreSupport\core_cm3.h(1529): error: unknown type name 'inline'
 1529 | static __INLINE uint32_t NVIC_GetPendingIRQ(IRQn_Type IRQn)
      |        ^
../Libraries/CMSIS/CM3/CoreSupport\core_cm3.h(751): note: expanded from macro '__INLINE'
  751 |   #define __INLINE         inline                                     /*!< inline keyword for GNU Compiler       */
      |                            ^
../Libraries/CMSIS/CM3/CoreSupport\core_cm3.h(1529): error: expected ';' after top level declarator
 1529 | static __INLINE uint32_t NVIC_GetPendingIRQ(IRQn_Type IRQn)
      |                         ^
      |                         ;
fatal error: too many errors emitted, stopping now [-ferror-limit=]
20 errors generated.
compiling system_stm32f10x.c...
C:/Users/Asus/AppData/Local/Arm/Packs/Keil/STM32F1xx_DFP/2.4.1/Device/StdPeriph_Driver/src/stm32f10x_can.c(22): warning: In file included from...
../Libraries/STM32F10x_StdPeriph_Driver/inc\stm32f10x_can.h(32): warning: In file included from...
../Libraries/CMSIS/CM3/DeviceSupport/ST/STM32F10x\stm32f10x.h(478): warning: In file included from...
../Libraries/CMSIS/CM3/CoreSupport\core_cm3.h(1204): error: unknown type name 'inline'
 1204 | static __INLINE void __enable_irq()               { __ASM volatile ("cpsie i"); }
      |        ^
../Libraries/CMSIS/CM3/CoreSupport\core_cm3.h(751): note: expanded from macro '__INLINE'
  751 |   #define __INLINE         inline                                     /*!< inline keyword for GNU Compiler       */
      |                            ^
../Libraries/CMSIS/CM3/CoreSupport\core_cm3.h(1205): error: unknown type name 'inline'
 1205 | static __INLINE void __disable_irq()              { __ASM volatile ("cpsid i"); }
      |        ^
../Libraries/CMSIS/CM3/CoreSupport\core_cm3.h(751): note: expanded from macro '__INLINE'
  751 |   #define __INLINE         inline                                     /*!< inline keyword for GNU Compiler       */
      |                            ^
../Libraries/CMSIS/CM3/CoreSupport\core_cm3.h(1207): error: unknown type name 'inline'
 1207 | static __INLINE void __enable_fault_irq()         { __ASM volatile ("cpsie f"); }
      |        ^
../Libraries/CMSIS/CM3/CoreSupport\core_cm3.h(751): note: expanded from macro '__INLINE'
  751 |   #define __INLINE         inline                                     /*!< inline keyword for GNU Compiler       */
      |                            ^
../Libraries/CMSIS/CM3/CoreSupport\core_cm3.h(1208): error: unknown type name 'inline'
 1208 | static __INLINE void __disable_fault_irq()        { __ASM volatile ("cpsid f"); }
      |        ^
../Libraries/CMSIS/CM3/CoreSupport\core_cm3.h(751): note: expanded from macro '__INLINE'
  751 |   #define __INLINE         inline                                     /*!< inline keyword for GNU Compiler       */
      |                            ^
../Libraries/CMSIS/CM3/CoreSupport\core_cm3.h(1210): error: unknown type name 'inline'
 1210 | static __INLINE void __NOP()                      { __ASM volatile ("nop"); }
      |        ^
../Libraries/CMSIS/CM3/CoreSupport\core_cm3.h(751): note: expanded from macro '__INLINE'
  751 |   #define __INLINE         inline                                     /*!< inline keyword for GNU Compiler       */
      |                            ^
../Libraries/CMSIS/CM3/CoreSupport\core_cm3.h(1211): error: unknown type name 'inline'
 1211 | static __INLINE void __WFI()                      { __ASM volatile ("wfi"); }
      |        ^
../Libraries/CMSIS/CM3/CoreSupport\core_cm3.h(751): note: expanded from macro '__INLINE'
  751 |   #define __INLINE         inline                                     /*!< inline keyword for GNU Compiler       */
      |                            ^
../Libraries/CMSIS/CM3/CoreSupport\core_cm3.h(1212): error: unknown type name 'inline'
 1212 | static __INLINE void __WFE()                      { __ASM volatile ("wfe"); }
      |        ^
../Libraries/CMSIS/CM3/CoreSupport\core_cm3.h(751): note: expanded from macro '__INLINE'
  751 |   #define __INLINE         inline                                     /*!< inline keyword for GNU Compiler       */
      |                            ^
../Libraries/CMSIS/CM3/CoreSupport\core_cm3.h(1213): error: unknown type name 'inline'
 1213 | static __INLINE void __SEV()                      { __ASM volatile ("sev"); }
      |        ^
../Libraries/CMSIS/CM3/CoreSupport\core_cm3.h(751): note: expanded from macro '__INLINE'
  751 |   #define __INLINE         inline                                     /*!< inline keyword for GNU Compiler       */
      |                            ^
../Libraries/CMSIS/CM3/CoreSupport\core_cm3.h(1214): error: unknown type name 'inline'
 1214 | static __INLINE void __ISB()                      { __ASM volatile ("isb"); }
      |        ^
../Libraries/CMSIS/CM3/CoreSupport\core_cm3.h(751): note: expanded from macro '__INLINE'
  751 |   #define __INLINE         inline                                     /*!< inline keyword for GNU Compiler       */
      |                            ^
../Libraries/CMSIS/CM3/CoreSupport\core_cm3.h(1215): error: unknown type name 'inline'
 1215 | static __INLINE void __DSB()                      { __ASM volatile ("dsb"); }
      |        ^
../Libraries/CMSIS/CM3/CoreSupport\core_cm3.h(751): note: expanded from macro '__INLINE'
  751 |   #define __INLINE         inline                                     /*!< inline keyword for GNU Compiler       */
      |                            ^
../Libraries/CMSIS/CM3/CoreSupport\core_cm3.h(1216): error: unknown type name 'inline'
 1216 | static __INLINE void __DMB()                      { __ASM volatile ("dmb"); }
      |        ^
../Libraries/CMSIS/CM3/CoreSupport\core_cm3.h(751): note: expanded from macro '__INLINE'
  751 |   #define __INLINE         inline                                     /*!< inline keyword for GNU Compiler       */
      |                            ^
../Libraries/CMSIS/CM3/CoreSupport\core_cm3.h(1217): error: unknown type name 'inline'
 1217 | static __INLINE void __CLREX()                    { __ASM volatile ("clrex"); }
      |        ^
../Libraries/CMSIS/CM3/CoreSupport\core_cm3.h(751): note: expanded from macro '__INLINE'
  751 |   #define __INLINE         inline                                     /*!< inline keyword for GNU Compiler       */
      |                            ^
../Libraries/CMSIS/CM3/CoreSupport\core_cm3.h(1468): error: unknown type name 'inline'
 1468 | static __INLINE void NVIC_SetPriorityGrouping(uint32_t PriorityGroup)
      |        ^
../Libraries/CMSIS/CM3/CoreSupport\core_cm3.h(751): note: expanded from macro '__INLINE'
  751 |   #define __INLINE         inline                                     /*!< inline keyword for GNU Compiler       */
      |                            ^
../Libraries/CMSIS/CM3/CoreSupport\core_cm3.h(1489): error: unknown type name 'inline'
 1489 | static __INLINE uint32_t NVIC_GetPriorityGrouping(void)
      |        ^
../Libraries/CMSIS/CM3/CoreSupport\core_cm3.h(751): note: expanded from macro '__INLINE'
  751 |   #define __INLINE         inline                                     /*!< inline keyword for GNU Compiler       */
      |                            ^
../Libraries/CMSIS/CM3/CoreSupport\core_cm3.h(1489): error: expected ';' after top level declarator
 1489 | static __INLINE uint32_t NVIC_GetPriorityGrouping(void)
      |                         ^
      |                         ;
../Libraries/CMSIS/CM3/CoreSupport\core_cm3.h(1502): error: unknown type name 'inline'
 1502 | static __INLINE void NVIC_EnableIRQ(IRQn_Type IRQn)
      |        ^
../Libraries/CMSIS/CM3/CoreSupport\core_cm3.h(751): note: expanded from macro '__INLINE'
  751 |   #define __INLINE         inline                                     /*!< inline keyword for GNU Compiler       */
      |                            ^
../Libraries/CMSIS/CM3/CoreSupport\core_cm3.h(1515): error: unknown type name 'inline'
 1515 | static __INLINE void NVIC_DisableIRQ(IRQn_Type IRQn)
      |        ^
../Libraries/CMSIS/CM3/CoreSupport\core_cm3.h(751): note: expanded from macro '__INLINE'
  751 |   #define __INLINE         inline                                     /*!< inline keyword for GNU Compiler       */
      |                            ^
../Libraries/CMSIS/CM3/CoreSupport\core_cm3.h(1529): error: unknown type name 'inline'
 1529 | static __INLINE uint32_t NVIC_GetPendingIRQ(IRQn_Type IRQn)
      |        ^
../Libraries/CMSIS/CM3/CoreSupport\core_cm3.h(751): note: expanded from macro '__INLINE'
  751 |   #define __INLINE         inline                                     /*!< inline keyword for GNU Compiler       */
      |                            ^
../Libraries/CMSIS/CM3/CoreSupport\core_cm3.h(1529): error: expected ';' after top level declarator
 1529 | static __INLINE uint32_t NVIC_GetPendingIRQ(IRQn_Type IRQn)
      |                         ^
      |                         ;
fatal error: too many errors emitted, stopping now [-ferror-limit=]
20 errors generated.
compiling stm32f10x_can.c...
"..\OBJ\main.axf" - 422 Error(s), 0 Warning(s).

<h2>Software Packages used:</h2>

Package Vendor: ARM
                https://www.keil.com/pack/ARM.CMSIS.6.1.0.pack
                ARM::CMSIS@6.1.0
                CMSIS (Common Microcontroller Software Interface Standard)
   * Component: CORE Version: 6.1.0

Package Vendor: Keil
                https://www.keil.com/pack/Keil.STM32F1xx_DFP.2.4.1.pack
                Keil::STM32F1xx_DFP@2.4.1
                STMicroelectronics STM32F1 Series Device Support, Drivers and Examples
   * Component: Startup Version: 1.0.0
   * Component: CAN Version: 3.6.0
   * Component: Framework Version: 3.6.0
   * Component: GPIO Version: 3.6.0
   * Component: I2C Version: 3.6.0
   * Component: RCC Version: 3.6.0
   * Component: SPI Version: 3.6.0
   * Component: TIM Version: 3.6.0
   * Component: USART Version: 3.6.0

<h2>Collection of Component include folders:</h2>
  ./RTE/Device/STM32F103C8
  ./RTE/_STM32F1_RFID
  C:/Users/Asus/AppData/Local/Arm/Packs/ARM/CMSIS/6.1.0/CMSIS/Core/Include
  C:/Users/Asus/AppData/Local/Arm/Packs/Keil/STM32F1xx_DFP/2.4.1/Device/Include
  C:/Users/Asus/AppData/Local/Arm/Packs/Keil/STM32F1xx_DFP/2.4.1/Device/StdPeriph_Driver/inc

<h2>Collection of Component Files used:</h2>

   * Component: ARM::CMSIS:CORE@6.1.0

   * Component: Keil::Device:Startup@1.0.0
      Include file:  RTE_Driver/Config/RTE_Device.h
      Source file:   Device/Source/ARM/STM32F1xx_OPT.s
      Source file:   Device/Source/system_stm32f10x.c
      Source file:   Device/Source/ARM/startup_stm32f10x_md.s

   * Component: Keil::Device:StdPeriph Drivers:CAN@3.6.0
      Source file:   Device/StdPeriph_Driver/src/stm32f10x_can.c
      Include file:  Device/StdPeriph_Driver/inc/stm32f10x_can.h

   * Component: Keil::Device:StdPeriph Drivers:Framework@3.6.0
      Source file:   Device/StdPeriph_Driver/templates/stm32f10x_it.c
      Include file:  Device/StdPeriph_Driver/templates/stm32f10x_it.h
      Source file:   Device/StdPeriph_Driver/src/misc.c
      Include file:  Device/StdPeriph_Driver/inc/misc.h
      Source file:   Device/StdPeriph_Driver/templates/stm32f10x_conf.h

   * Component: Keil::Device:StdPeriph Drivers:GPIO@3.6.0
      Source file:   Device/StdPeriph_Driver/src/stm32f10x_gpio.c
      Include file:  Device/StdPeriph_Driver/inc/stm32f10x_gpio.h

   * Component: Keil::Device:StdPeriph Drivers:I2C@3.6.0
      Source file:   Device/StdPeriph_Driver/src/stm32f10x_i2c.c
      Include file:  Device/StdPeriph_Driver/inc/stm32f10x_i2c.h

   * Component: Keil::Device:StdPeriph Drivers:RCC@3.6.0
      Include file:  Device/StdPeriph_Driver/inc/stm32f10x_rcc.h
      Source file:   Device/StdPeriph_Driver/src/stm32f10x_rcc.c

   * Component: Keil::Device:StdPeriph Drivers:SPI@3.6.0
      Include file:  Device/StdPeriph_Driver/inc/stm32f10x_spi.h
      Source file:   Device/StdPeriph_Driver/src/stm32f10x_spi.c

   * Component: Keil::Device:StdPeriph Drivers:TIM@3.6.0
      Include file:  Device/StdPeriph_Driver/inc/stm32f10x_tim.h
      Source file:   Device/StdPeriph_Driver/src/stm32f10x_tim.c

   * Component: Keil::Device:StdPeriph Drivers:USART@3.6.0
      Source file:   Device/StdPeriph_Driver/src/stm32f10x_usart.c
      Include file:  Device/StdPeriph_Driver/inc/stm32f10x_usart.h
Target not created.
Build Time Elapsed:  00:00:09
</pre>
</body>
</html>
